<?xml version="1.0" encoding="UTF-8"?>
<robot generator="Robot 3.1.1 (Python 3.6.7 on linux)" generated="20190319 01:53:00.806" rpa="false">
<suite id="s1" name="DepositContractTest" source="/home/zhichunqi/gowork/src/github.com/palletone/go-palletone/test/dct/deposit_test_cases/DepositContractTest.robot">
<test id="s1-t1" name="Business_01">
<kw name="applyBecomeMediator" library="applyBecomeMediatorParams">
<arguments>
<arg>${mediatorAddr_01}</arg>
</arguments>
<assign>
<var>${result}</var>
</assign>
<kw name="申请加入Mediator候选节点所需参数" library="applyBecomeMediatorParams">
<arguments>
<arg>${mediatorAddr}</arg>
</arguments>
<assign>
<var>${params}</var>
</assign>
<kw name="Create List" library="BuiltIn">
<doc>Returns a list containing given items.</doc>
<arguments>
<arg>ApplyBecomeMediator</arg>
<arg>{\"key\":\"value\"}</arg>
</arguments>
<assign>
<var>${one}</var>
</assign>
<msg timestamp="20190319 01:53:01.024" level="INFO">${one} = ['ApplyBecomeMediator', '{"key":"value"}']</msg>
<status status="PASS" starttime="20190319 01:53:01.024" endtime="20190319 01:53:01.024"></status>
</kw>
<kw name="Create List" library="BuiltIn">
<doc>Returns a list containing given items.</doc>
<arguments>
<arg>${mediatorAddr}</arg>
<arg>${mediatorAddr}</arg>
<arg>${amount}</arg>
<arg>${fee}</arg>
<arg>${one}</arg>
</arguments>
<assign>
<var>${two}</var>
</assign>
<msg timestamp="20190319 01:53:01.025" level="INFO">${two} = ['P124CZmBwMfE2kYgJsb3dK6fxbH2Kwnm6SU', 'P124CZmBwMfE2kYgJsb3dK6fxbH2Kwnm6SU', '1000000000', '1000000000', ['ApplyBecomeMediator', '{"key":"value"}']]</msg>
<status status="PASS" starttime="20190319 01:53:01.024" endtime="20190319 01:53:01.025"></status>
</kw>
<msg timestamp="20190319 01:53:01.025" level="INFO">${params} = ['P124CZmBwMfE2kYgJsb3dK6fxbH2Kwnm6SU', 'P124CZmBwMfE2kYgJsb3dK6fxbH2Kwnm6SU', '1000000000', '1000000000', ['ApplyBecomeMediator', '{"key":"value"}']]</msg>
<status status="PASS" starttime="20190319 01:53:01.023" endtime="20190319 01:53:01.025"></status>
</kw>
<kw name="创建公用的POST请求" library="postRequest">
<arguments>
<arg>${depositContractInvoke}</arg>
<arg>ApplyBecomeMediator</arg>
<arg>${params}</arg>
</arguments>
<assign>
<var>${resp}</var>
</assign>
<kw name="Create Dictionary" library="BuiltIn">
<doc>Creates and returns a dictionary based on the given ``items``.</doc>
<arguments>
<arg>Content-Type=application/json</arg>
</arguments>
<assign>
<var>${header}</var>
</assign>
<msg timestamp="20190319 01:53:01.027" level="INFO">${header} = {'Content-Type': 'application/json'}</msg>
<status status="PASS" starttime="20190319 01:53:01.026" endtime="20190319 01:53:01.027"></status>
</kw>
<kw name="Create Dictionary" library="BuiltIn">
<doc>Creates and returns a dictionary based on the given ``items``.</doc>
<arguments>
<arg>jsonrpc=2.0</arg>
<arg>method=${method}</arg>
<arg>params=@{params}</arg>
<arg>id=1</arg>
</arguments>
<assign>
<var>${data}</var>
</assign>
<msg timestamp="20190319 01:53:01.028" level="INFO">${data} = {'jsonrpc': '2.0', 'method': 'ptn_depositContractInvoke', 'params': ['P124CZmBwMfE2kYgJsb3dK6fxbH2Kwnm6SU', 'P124CZmBwMfE2kYgJsb3dK6fxbH2Kwnm6SU', '1000000000', '1000000000', ['ApplyBecomeMediator', '...</msg>
<status status="PASS" starttime="20190319 01:53:01.028" endtime="20190319 01:53:01.028"></status>
</kw>
<kw name="Create Session" library="RequestsLibrary">
<doc>Create Session: create a HTTP session to a server</doc>
<arguments>
<arg>${alias}</arg>
<arg>http://127.0.0.1:8545</arg>
</arguments>
<msg timestamp="20190319 01:53:01.029" level="INFO">Creating Session using : alias=ApplyBecomeMediator, url=http://127.0.0.1:8545, headers={},                     cookies=None, auth=None, timeout=None, proxies=None, verify=False,                     debug=0 </msg>
<status status="PASS" starttime="20190319 01:53:01.029" endtime="20190319 01:53:01.029"></status>
</kw>
<kw name="Post Request" library="RequestsLibrary">
<doc>Send a POST request on the session object found using the
given `alias`</doc>
<arguments>
<arg>${alias}</arg>
<arg>http://127.0.0.1:8545</arg>
<arg>data=${data}</arg>
<arg>headers=${header}</arg>
</arguments>
<assign>
<var>${resp}</var>
</assign>
<msg timestamp="20190319 01:53:01.034" level="INFO">Starting new HTTP connection (1): 127.0.0.1</msg>
<msg timestamp="20190319 01:53:01.249" level="INFO">Post Request using : alias=ApplyBecomeMediator, uri=http://127.0.0.1:8545, data={"jsonrpc": "2.0", "method": "ptn_depositContractInvoke", "params": ["P124CZmBwMfE2kYgJsb3dK6fxbH2Kwnm6SU", "P124CZmBwMfE2kYgJsb3dK6fxbH2Kwnm6SU", "1000000000", "1000000000", ["ApplyBecomeMediator", "{\"key\":\"value\"}"]], "id": "1"}, headers={'Content-Type': 'application/json'}, files=None, allow_redirects=True </msg>
<msg timestamp="20190319 01:53:01.249" level="INFO">${resp} = &lt;Response [200]&gt;</msg>
<status status="PASS" starttime="20190319 01:53:01.029" endtime="20190319 01:53:01.249"></status>
</kw>
<msg timestamp="20190319 01:53:01.249" level="INFO">${resp} = &lt;Response [200]&gt;</msg>
<status status="PASS" starttime="20190319 01:53:01.025" endtime="20190319 01:53:01.249"></status>
</kw>
<kw name="Set Variable" library="BuiltIn">
<doc>Returns the given values which can then be assigned to a variables.</doc>
<arguments>
<arg>${resp.content}</arg>
</arguments>
<assign>
<var>${result}</var>
</assign>
<msg timestamp="20190319 01:53:01.250" level="INFO">${result} = {"jsonrpc":"2.0","id":"1","result":"32f85b4ca0e21ba4a43d88e3165d2a1f47e04fba45b2b0a1d3c55e380a619611"}
</msg>
<status status="PASS" starttime="20190319 01:53:01.250" endtime="20190319 01:53:01.250"></status>
</kw>
<kw name="Sleep" library="BuiltIn">
<doc>Pauses the test executed for the given time.</doc>
<arguments>
<arg>8</arg>
</arguments>
<msg timestamp="20190319 01:53:09.251" level="INFO">Slept 8 seconds</msg>
<status status="PASS" starttime="20190319 01:53:01.250" endtime="20190319 01:53:09.251"></status>
</kw>
<msg timestamp="20190319 01:53:09.252" level="INFO">${result} = {"jsonrpc":"2.0","id":"1","result":"32f85b4ca0e21ba4a43d88e3165d2a1f47e04fba45b2b0a1d3c55e380a619611"}
</msg>
<status status="PASS" starttime="20190319 01:53:01.022" endtime="20190319 01:53:09.253"></status>
</kw>
<kw name="Log" library="BuiltIn">
<doc>Logs the given message with the given level.</doc>
<arguments>
<arg>${result}</arg>
</arguments>
<msg timestamp="20190319 01:53:09.255" level="INFO">{"jsonrpc":"2.0","id":"1","result":"32f85b4ca0e21ba4a43d88e3165d2a1f47e04fba45b2b0a1d3c55e380a619611"}
</msg>
<status status="PASS" starttime="20190319 01:53:09.254" endtime="20190319 01:53:09.256"></status>
</kw>
<kw name="getBecomeMediatorApplyList" library="getBecomeMediatorApplyListParams">
<assign>
<var>@{addressList1}</var>
</assign>
<kw name="Create List" library="BuiltIn">
<doc>Returns a list containing given items.</doc>
<arguments>
<arg>GetBecomeMediatorApplyList</arg>
</arguments>
<assign>
<var>${one}</var>
</assign>
<msg timestamp="20190319 01:53:09.260" level="INFO">${one} = ['GetBecomeMediatorApplyList']</msg>
<status status="PASS" starttime="20190319 01:53:09.259" endtime="20190319 01:53:09.260"></status>
</kw>
<kw name="Create List" library="BuiltIn">
<doc>Returns a list containing given items.</doc>
<arguments>
<arg>${one}</arg>
</arguments>
<assign>
<var>${two}</var>
</assign>
<msg timestamp="20190319 01:53:09.262" level="INFO">${two} = [['GetBecomeMediatorApplyList']]</msg>
<status status="PASS" starttime="20190319 01:53:09.261" endtime="20190319 01:53:09.263"></status>
</kw>
<kw name="创建公用的POST请求" library="postRequest">
<arguments>
<arg>${depositContractQuery}</arg>
<arg>GetBecomeMediatorApplyList</arg>
<arg>${two}</arg>
</arguments>
<assign>
<var>${resp}</var>
</assign>
<kw name="Create Dictionary" library="BuiltIn">
<doc>Creates and returns a dictionary based on the given ``items``.</doc>
<arguments>
<arg>Content-Type=application/json</arg>
</arguments>
<assign>
<var>${header}</var>
</assign>
<msg timestamp="20190319 01:53:09.272" level="INFO">${header} = {'Content-Type': 'application/json'}</msg>
<status status="PASS" starttime="20190319 01:53:09.266" endtime="20190319 01:53:09.272"></status>
</kw>
<kw name="Create Dictionary" library="BuiltIn">
<doc>Creates and returns a dictionary based on the given ``items``.</doc>
<arguments>
<arg>jsonrpc=2.0</arg>
<arg>method=${method}</arg>
<arg>params=@{params}</arg>
<arg>id=1</arg>
</arguments>
<assign>
<var>${data}</var>
</assign>
<msg timestamp="20190319 01:53:09.276" level="INFO">${data} = {'jsonrpc': '2.0', 'method': 'ptn_depositContractQuery', 'params': [['GetBecomeMediatorApplyList']], 'id': '1'}</msg>
<status status="PASS" starttime="20190319 01:53:09.273" endtime="20190319 01:53:09.276"></status>
</kw>
<kw name="Create Session" library="RequestsLibrary">
<doc>Create Session: create a HTTP session to a server</doc>
<arguments>
<arg>${alias}</arg>
<arg>http://127.0.0.1:8545</arg>
</arguments>
<msg timestamp="20190319 01:53:09.277" level="INFO">Creating Session using : alias=GetBecomeMediatorApplyList, url=http://127.0.0.1:8545, headers={},                     cookies=None, auth=None, timeout=None, proxies=None, verify=False,                     debug=0 </msg>
<status status="PASS" starttime="20190319 01:53:09.276" endtime="20190319 01:53:09.278"></status>
</kw>
<kw name="Post Request" library="RequestsLibrary">
<doc>Send a POST request on the session object found using the
given `alias`</doc>
<arguments>
<arg>${alias}</arg>
<arg>http://127.0.0.1:8545</arg>
<arg>data=${data}</arg>
<arg>headers=${header}</arg>
</arguments>
<assign>
<var>${resp}</var>
</assign>
<msg timestamp="20190319 01:53:09.281" level="INFO">Starting new HTTP connection (1): 127.0.0.1</msg>
<msg timestamp="20190319 01:53:09.285" level="INFO">Post Request using : alias=GetBecomeMediatorApplyList, uri=http://127.0.0.1:8545, data={"jsonrpc": "2.0", "method": "ptn_depositContractQuery", "params": [["GetBecomeMediatorApplyList"]], "id": "1"}, headers={'Content-Type': 'application/json'}, files=None, allow_redirects=True </msg>
<msg timestamp="20190319 01:53:09.285" level="INFO">${resp} = &lt;Response [200]&gt;</msg>
<status status="PASS" starttime="20190319 01:53:09.278" endtime="20190319 01:53:09.285"></status>
</kw>
<msg timestamp="20190319 01:53:09.286" level="INFO">${resp} = &lt;Response [200]&gt;</msg>
<status status="PASS" starttime="20190319 01:53:09.264" endtime="20190319 01:53:09.286"></status>
</kw>
<kw name="To Json" library="RequestsLibrary">
<doc>Convert a string to a JSON object</doc>
<arguments>
<arg>${resp.content}</arg>
</arguments>
<assign>
<var>${respContentJson}</var>
</assign>
<msg timestamp="20190319 01:53:09.287" level="INFO">To JSON using : content={"jsonrpc":"2.0","id":"1","result":"[{\"address\":\"P124CZmBwMfE2kYgJsb3dK6fxbH2Kwnm6SU\",\"content\":\"{\\\"key\\\":\\\"value\\\"}\",\"time\":862769}]"}
 </msg>
<msg timestamp="20190319 01:53:09.287" level="INFO">To JSON using : pretty_print=False </msg>
<msg timestamp="20190319 01:53:09.287" level="INFO">${respContentJson} = {'jsonrpc': '2.0', 'id': '1', 'result': '[{"address":"P124CZmBwMfE2kYgJsb3dK6fxbH2Kwnm6SU","content":"{\\"key\\":\\"value\\"}","time":862769}]'}</msg>
<status status="PASS" starttime="20190319 01:53:09.286" endtime="20190319 01:53:09.287"></status>
</kw>
<kw name="Get Length" library="BuiltIn">
<doc>Returns and logs the length of the given item as an integer.</doc>
<arguments>
<arg>${respContentJson['result']}</arg>
</arguments>
<assign>
<var>${resultLen}</var>
</assign>
<msg timestamp="20190319 01:53:09.288" level="INFO">Length is 97</msg>
<msg timestamp="20190319 01:53:09.288" level="INFO">${resultLen} = 97</msg>
<status status="PASS" starttime="20190319 01:53:09.287" endtime="20190319 01:53:09.288"></status>
</kw>
<kw name="Run Keyword If" library="BuiltIn">
<doc>Runs the given keyword with the given arguments, if ``condition`` is true.</doc>
<arguments>
<arg>${resultLen} == 0</arg>
<arg>Create List</arg>
<arg>list is nil</arg>
</arguments>
<assign>
<var>${address}</var>
</assign>
<msg timestamp="20190319 01:53:09.289" level="INFO">${address} = None</msg>
<status status="PASS" starttime="20190319 01:53:09.288" endtime="20190319 01:53:09.289"></status>
</kw>
<kw name="Run Keyword If" library="BuiltIn">
<doc>Runs the given keyword with the given arguments, if ``condition`` is true.</doc>
<arguments>
<arg>${resultLen} == 0</arg>
<arg>Create List</arg>
<arg>${address}</arg>
</arguments>
<assign>
<var>@{addressList}</var>
</assign>
<msg timestamp="20190319 01:53:09.290" level="INFO">@{addressList} = [ ]</msg>
<status status="PASS" starttime="20190319 01:53:09.289" endtime="20190319 01:53:09.290"></status>
</kw>
<kw name="Run Keyword If" library="BuiltIn">
<doc>Runs the given keyword with the given arguments, if ``condition`` is true.</doc>
<arguments>
<arg>${resultLen} != 0</arg>
<arg>Evaluate</arg>
<arg>[addressList['address'] for addressList in ${respContentJson['result']}]</arg>
</arguments>
<assign>
<var>@{addressList}</var>
</assign>
<kw name="Evaluate" library="BuiltIn">
<doc>Evaluates the given expression in Python and returns the results.</doc>
<arguments>
<arg>[addressList['address'] for addressList in ${respContentJson['result']}]</arg>
</arguments>
<status status="PASS" starttime="20190319 01:53:09.291" endtime="20190319 01:53:09.291"></status>
</kw>
<msg timestamp="20190319 01:53:09.291" level="INFO">@{addressList} = [ P124CZmBwMfE2kYgJsb3dK6fxbH2Kwnm6SU ]</msg>
<status status="PASS" starttime="20190319 01:53:09.290" endtime="20190319 01:53:09.291"></status>
</kw>
<msg timestamp="20190319 01:53:09.292" level="INFO">@{addressList1} = [ P124CZmBwMfE2kYgJsb3dK6fxbH2Kwnm6SU ]</msg>
<status status="PASS" starttime="20190319 01:53:09.257" endtime="20190319 01:53:09.292"></status>
</kw>
<kw name="Log" library="BuiltIn">
<doc>Logs the given message with the given level.</doc>
<arguments>
<arg>@{addressList1}</arg>
</arguments>
<msg timestamp="20190319 01:53:09.292" level="INFO">P124CZmBwMfE2kYgJsb3dK6fxbH2Kwnm6SU</msg>
<status status="PASS" starttime="20190319 01:53:09.292" endtime="20190319 01:53:09.293"></status>
</kw>
<kw name="Should Be True" library="BuiltIn">
<doc>Fails if the given condition is not true.</doc>
<arguments>
<arg>'${mediatorAddr_01}' in @{addressList1}</arg>
</arguments>
<status status="PASS" starttime="20190319 01:53:09.293" endtime="20190319 01:53:09.293"></status>
</kw>
<kw name="handleForApplyBecomeMediator" library="handleForApplyBecomeMediatorParams">
<arguments>
<arg>${foundationAddr}</arg>
<arg>0</arg>
</arguments>
<assign>
<var>${result}</var>
</assign>
<kw name="基金会处理申请所需参数" library="handleForApplyBecomeMediatorParams">
<arguments>
<arg>${foundationAddr}</arg>
<arg>${index}</arg>
</arguments>
<assign>
<var>${基金会处理申请所需参数 }</var>
</assign>
<kw name="获取Mediator申请加入列表" library="getBecomeMediatorApplyListParams">
<arguments>
<arg>${index}</arg>
</arguments>
<assign>
<var>${获取Mediator申请加入列表 }</var>
</assign>
<kw name="Create List" library="BuiltIn">
<doc>Returns a list containing given items.</doc>
<arguments>
<arg>GetBecomeMediatorApplyList</arg>
</arguments>
<assign>
<var>${one}</var>
</assign>
<msg timestamp="20190319 01:53:09.296" level="INFO">${one} = ['GetBecomeMediatorApplyList']</msg>
<status status="PASS" starttime="20190319 01:53:09.296" endtime="20190319 01:53:09.296"></status>
</kw>
<kw name="Create List" library="BuiltIn">
<doc>Returns a list containing given items.</doc>
<arguments>
<arg>${one}</arg>
</arguments>
<assign>
<var>${two}</var>
</assign>
<msg timestamp="20190319 01:53:09.296" level="INFO">${two} = [['GetBecomeMediatorApplyList']]</msg>
<status status="PASS" starttime="20190319 01:53:09.296" endtime="20190319 01:53:09.297"></status>
</kw>
<kw name="创建公用的POST请求" library="postRequest">
<arguments>
<arg>${depositContractQuery}</arg>
<arg>GetBecomeMediatorApplyList</arg>
<arg>${two}</arg>
</arguments>
<assign>
<var>${resp}</var>
</assign>
<kw name="Create Dictionary" library="BuiltIn">
<doc>Creates and returns a dictionary based on the given ``items``.</doc>
<arguments>
<arg>Content-Type=application/json</arg>
</arguments>
<assign>
<var>${header}</var>
</assign>
<msg timestamp="20190319 01:53:09.298" level="INFO">${header} = {'Content-Type': 'application/json'}</msg>
<status status="PASS" starttime="20190319 01:53:09.297" endtime="20190319 01:53:09.298"></status>
</kw>
<kw name="Create Dictionary" library="BuiltIn">
<doc>Creates and returns a dictionary based on the given ``items``.</doc>
<arguments>
<arg>jsonrpc=2.0</arg>
<arg>method=${method}</arg>
<arg>params=@{params}</arg>
<arg>id=1</arg>
</arguments>
<assign>
<var>${data}</var>
</assign>
<msg timestamp="20190319 01:53:09.299" level="INFO">${data} = {'jsonrpc': '2.0', 'method': 'ptn_depositContractQuery', 'params': [['GetBecomeMediatorApplyList']], 'id': '1'}</msg>
<status status="PASS" starttime="20190319 01:53:09.299" endtime="20190319 01:53:09.299"></status>
</kw>
<kw name="Create Session" library="RequestsLibrary">
<doc>Create Session: create a HTTP session to a server</doc>
<arguments>
<arg>${alias}</arg>
<arg>http://127.0.0.1:8545</arg>
</arguments>
<msg timestamp="20190319 01:53:09.300" level="INFO">Creating Session using : alias=GetBecomeMediatorApplyList, url=http://127.0.0.1:8545, headers={},                     cookies=None, auth=None, timeout=None, proxies=None, verify=False,                     debug=0 </msg>
<status status="PASS" starttime="20190319 01:53:09.299" endtime="20190319 01:53:09.300"></status>
</kw>
<kw name="Post Request" library="RequestsLibrary">
<doc>Send a POST request on the session object found using the
given `alias`</doc>
<arguments>
<arg>${alias}</arg>
<arg>http://127.0.0.1:8545</arg>
<arg>data=${data}</arg>
<arg>headers=${header}</arg>
</arguments>
<assign>
<var>${resp}</var>
</assign>
<msg timestamp="20190319 01:53:09.302" level="INFO">Starting new HTTP connection (1): 127.0.0.1</msg>
<msg timestamp="20190319 01:53:09.304" level="INFO">Post Request using : alias=GetBecomeMediatorApplyList, uri=http://127.0.0.1:8545, data={"jsonrpc": "2.0", "method": "ptn_depositContractQuery", "params": [["GetBecomeMediatorApplyList"]], "id": "1"}, headers={'Content-Type': 'application/json'}, files=None, allow_redirects=True </msg>
<msg timestamp="20190319 01:53:09.304" level="INFO">${resp} = &lt;Response [200]&gt;</msg>
<status status="PASS" starttime="20190319 01:53:09.300" endtime="20190319 01:53:09.304"></status>
</kw>
<msg timestamp="20190319 01:53:09.305" level="INFO">${resp} = &lt;Response [200]&gt;</msg>
<status status="PASS" starttime="20190319 01:53:09.297" endtime="20190319 01:53:09.305"></status>
</kw>
<kw name="To Json" library="RequestsLibrary">
<doc>Convert a string to a JSON object</doc>
<arguments>
<arg>${resp.content}</arg>
</arguments>
<assign>
<var>${respContentJson}</var>
</assign>
<msg timestamp="20190319 01:53:09.306" level="INFO">To JSON using : content={"jsonrpc":"2.0","id":"1","result":"[{\"address\":\"P124CZmBwMfE2kYgJsb3dK6fxbH2Kwnm6SU\",\"content\":\"{\\\"key\\\":\\\"value\\\"}\",\"time\":862769}]"}
 </msg>
<msg timestamp="20190319 01:53:09.306" level="INFO">To JSON using : pretty_print=False </msg>
<msg timestamp="20190319 01:53:09.306" level="INFO">${respContentJson} = {'jsonrpc': '2.0', 'id': '1', 'result': '[{"address":"P124CZmBwMfE2kYgJsb3dK6fxbH2Kwnm6SU","content":"{\\"key\\":\\"value\\"}","time":862769}]'}</msg>
<status status="PASS" starttime="20190319 01:53:09.305" endtime="20190319 01:53:09.306"></status>
</kw>
<kw name="Get Length" library="BuiltIn">
<doc>Returns and logs the length of the given item as an integer.</doc>
<arguments>
<arg>${respContentJson['result']}</arg>
</arguments>
<assign>
<var>${resultLen}</var>
</assign>
<msg timestamp="20190319 01:53:09.306" level="INFO">Length is 97</msg>
<msg timestamp="20190319 01:53:09.306" level="INFO">${resultLen} = 97</msg>
<status status="PASS" starttime="20190319 01:53:09.306" endtime="20190319 01:53:09.306"></status>
</kw>
<kw name="Run Keyword If" library="BuiltIn">
<doc>Runs the given keyword with the given arguments, if ``condition`` is true.</doc>
<arguments>
<arg>${resultLen} == 0</arg>
<arg>set variable</arg>
<arg>""</arg>
</arguments>
<assign>
<var>${address}</var>
</assign>
<msg timestamp="20190319 01:53:09.307" level="INFO">${address} = None</msg>
<status status="PASS" starttime="20190319 01:53:09.307" endtime="20190319 01:53:09.307"></status>
</kw>
<kw name="Run Keyword If" library="BuiltIn">
<doc>Runs the given keyword with the given arguments, if ``condition`` is true.</doc>
<arguments>
<arg>${resultLen} == 0</arg>
<arg>set variable</arg>
<arg>""</arg>
</arguments>
<assign>
<var>${time}</var>
</assign>
<msg timestamp="20190319 01:53:09.308" level="INFO">${time} = None</msg>
<status status="PASS" starttime="20190319 01:53:09.308" endtime="20190319 01:53:09.308"></status>
</kw>
<kw name="Run Keyword If" library="BuiltIn">
<doc>Runs the given keyword with the given arguments, if ``condition`` is true.</doc>
<arguments>
<arg>${resultLen} != 0</arg>
<arg>Evaluate</arg>
<arg>[addresses['address'] for addresses in ${respContentJson['result']}]</arg>
</arguments>
<assign>
<var>${addresses}</var>
</assign>
<kw name="Evaluate" library="BuiltIn">
<doc>Evaluates the given expression in Python and returns the results.</doc>
<arguments>
<arg>[addresses['address'] for addresses in ${respContentJson['result']}]</arg>
</arguments>
<status status="PASS" starttime="20190319 01:53:09.309" endtime="20190319 01:53:09.309"></status>
</kw>
<msg timestamp="20190319 01:53:09.309" level="INFO">${addresses} = ['P124CZmBwMfE2kYgJsb3dK6fxbH2Kwnm6SU']</msg>
<status status="PASS" starttime="20190319 01:53:09.308" endtime="20190319 01:53:09.309"></status>
</kw>
<kw name="Run Keyword If" library="BuiltIn">
<doc>Runs the given keyword with the given arguments, if ``condition`` is true.</doc>
<arguments>
<arg>${resultLen} != 0</arg>
<arg>Evaluate</arg>
<arg>[times['time'] for times in ${respContentJson['result']}]</arg>
</arguments>
<assign>
<var>${times}</var>
</assign>
<kw name="Evaluate" library="BuiltIn">
<doc>Evaluates the given expression in Python and returns the results.</doc>
<arguments>
<arg>[times['time'] for times in ${respContentJson['result']}]</arg>
</arguments>
<status status="PASS" starttime="20190319 01:53:09.310" endtime="20190319 01:53:09.310"></status>
</kw>
<msg timestamp="20190319 01:53:09.310" level="INFO">${times} = [862769]</msg>
<status status="PASS" starttime="20190319 01:53:09.309" endtime="20190319 01:53:09.310"></status>
</kw>
<kw name="Run Keyword If" library="BuiltIn">
<doc>Runs the given keyword with the given arguments, if ``condition`` is true.</doc>
<arguments>
<arg>${resultLen} != 0</arg>
<arg>set variable</arg>
<arg>${addresses}[${index}]</arg>
</arguments>
<assign>
<var>${address}</var>
</assign>
<kw name="Set Variable" library="BuiltIn">
<doc>Returns the given values which can then be assigned to a variables.</doc>
<arguments>
<arg>${addresses}[${index}]</arg>
</arguments>
<status status="PASS" starttime="20190319 01:53:09.311" endtime="20190319 01:53:09.312"></status>
</kw>
<msg timestamp="20190319 01:53:09.312" level="INFO">${address} = P124CZmBwMfE2kYgJsb3dK6fxbH2Kwnm6SU</msg>
<status status="PASS" starttime="20190319 01:53:09.311" endtime="20190319 01:53:09.312"></status>
</kw>
<kw name="Run Keyword If" library="BuiltIn">
<doc>Runs the given keyword with the given arguments, if ``condition`` is true.</doc>
<arguments>
<arg>${resultLen} != 0</arg>
<arg>set variable</arg>
<arg>${times}[${index}]</arg>
</arguments>
<assign>
<var>${time}</var>
</assign>
<kw name="Set Variable" library="BuiltIn">
<doc>Returns the given values which can then be assigned to a variables.</doc>
<arguments>
<arg>${times}[${index}]</arg>
</arguments>
<status status="PASS" starttime="20190319 01:53:09.312" endtime="20190319 01:53:09.313"></status>
</kw>
<msg timestamp="20190319 01:53:09.313" level="INFO">${time} = 862769</msg>
<status status="PASS" starttime="20190319 01:53:09.312" endtime="20190319 01:53:09.313"></status>
</kw>
<msg timestamp="20190319 01:53:09.313" level="INFO">${获取Mediator申请加入列表 } = ['P124CZmBwMfE2kYgJsb3dK6fxbH2Kwnm6SU', 862769]</msg>
<status status="PASS" starttime="20190319 01:53:09.295" endtime="20190319 01:53:09.313"></status>
</kw>
<kw name="Create List" library="BuiltIn">
<doc>Returns a list containing given items.</doc>
<arguments>
<arg>HandleForApplyBecomeMediator</arg>
<arg>ok</arg>
<arg>${获取Mediator申请加入列表}[0]</arg>
</arguments>
<assign>
<var>${1}</var>
</assign>
<msg timestamp="20190319 01:53:09.314" level="INFO">${1} = ['HandleForApplyBecomeMediator', 'ok', 'P124CZmBwMfE2kYgJsb3dK6fxbH2Kwnm6SU']</msg>
<status status="PASS" starttime="20190319 01:53:09.313" endtime="20190319 01:53:09.314"></status>
</kw>
<kw name="Create List" library="BuiltIn">
<doc>Returns a list containing given items.</doc>
<arguments>
<arg>${foundationAddr}</arg>
<arg>${foundationAddr}</arg>
<arg>${amount}</arg>
<arg>${fee}</arg>
<arg>${1}</arg>
</arguments>
<assign>
<var>${one}</var>
</assign>
<msg timestamp="20190319 01:53:09.315" level="INFO">${one} = ['P1414gaxPwsmSMNvLegSjF6P9e3vXomVLZF', 'P1414gaxPwsmSMNvLegSjF6P9e3vXomVLZF', '1000000000', '1000000000', ['HandleForApplyBecomeMediator', 'ok', 'P124CZmBwMfE2kYgJsb3dK6fxbH2Kwnm6SU']]</msg>
<status status="PASS" starttime="20190319 01:53:09.314" endtime="20190319 01:53:09.315"></status>
</kw>
<msg timestamp="20190319 01:53:09.315" level="INFO">${基金会处理申请所需参数 } = ['P1414gaxPwsmSMNvLegSjF6P9e3vXomVLZF', 'P1414gaxPwsmSMNvLegSjF6P9e3vXomVLZF', '1000000000', '1000000000', ['HandleForApplyBecomeMediator', 'ok', 'P124CZmBwMfE2kYgJsb3dK6fxbH2Kwnm6SU']]</msg>
<status status="PASS" starttime="20190319 01:53:09.295" endtime="20190319 01:53:09.315"></status>
</kw>
<kw name="创建公用的POST请求" library="postRequest">
<arguments>
<arg>${depositContractInvoke}</arg>
<arg>HandleForApplyBecomeMediator</arg>
<arg>${基金会处理申请所需参数 }</arg>
</arguments>
<assign>
<var>${resp}</var>
</assign>
<kw name="Create Dictionary" library="BuiltIn">
<doc>Creates and returns a dictionary based on the given ``items``.</doc>
<arguments>
<arg>Content-Type=application/json</arg>
</arguments>
<assign>
<var>${header}</var>
</assign>
<msg timestamp="20190319 01:53:09.316" level="INFO">${header} = {'Content-Type': 'application/json'}</msg>
<status status="PASS" starttime="20190319 01:53:09.316" endtime="20190319 01:53:09.316"></status>
</kw>
<kw name="Create Dictionary" library="BuiltIn">
<doc>Creates and returns a dictionary based on the given ``items``.</doc>
<arguments>
<arg>jsonrpc=2.0</arg>
<arg>method=${method}</arg>
<arg>params=@{params}</arg>
<arg>id=1</arg>
</arguments>
<assign>
<var>${data}</var>
</assign>
<msg timestamp="20190319 01:53:09.317" level="INFO">${data} = {'jsonrpc': '2.0', 'method': 'ptn_depositContractInvoke', 'params': ['P1414gaxPwsmSMNvLegSjF6P9e3vXomVLZF', 'P1414gaxPwsmSMNvLegSjF6P9e3vXomVLZF', '1000000000', '1000000000', ['HandleForApplyBecomeMed...</msg>
<status status="PASS" starttime="20190319 01:53:09.316" endtime="20190319 01:53:09.317"></status>
</kw>
<kw name="Create Session" library="RequestsLibrary">
<doc>Create Session: create a HTTP session to a server</doc>
<arguments>
<arg>${alias}</arg>
<arg>http://127.0.0.1:8545</arg>
</arguments>
<msg timestamp="20190319 01:53:09.317" level="INFO">Creating Session using : alias=HandleForApplyBecomeMediator, url=http://127.0.0.1:8545, headers={},                     cookies=None, auth=None, timeout=None, proxies=None, verify=False,                     debug=0 </msg>
<status status="PASS" starttime="20190319 01:53:09.317" endtime="20190319 01:53:09.318"></status>
</kw>
<kw name="Post Request" library="RequestsLibrary">
<doc>Send a POST request on the session object found using the
given `alias`</doc>
<arguments>
<arg>${alias}</arg>
<arg>http://127.0.0.1:8545</arg>
<arg>data=${data}</arg>
<arg>headers=${header}</arg>
</arguments>
<assign>
<var>${resp}</var>
</assign>
<msg timestamp="20190319 01:53:09.319" level="INFO">Starting new HTTP connection (1): 127.0.0.1</msg>
<msg timestamp="20190319 01:53:09.323" level="INFO">Post Request using : alias=HandleForApplyBecomeMediator, uri=http://127.0.0.1:8545, data={"jsonrpc": "2.0", "method": "ptn_depositContractInvoke", "params": ["P1414gaxPwsmSMNvLegSjF6P9e3vXomVLZF", "P1414gaxPwsmSMNvLegSjF6P9e3vXomVLZF", "1000000000", "1000000000", ["HandleForApplyBecomeMediator", "ok", "P124CZmBwMfE2kYgJsb3dK6fxbH2Kwnm6SU"]], "id": "1"}, headers={'Content-Type': 'application/json'}, files=None, allow_redirects=True </msg>
<msg timestamp="20190319 01:53:09.323" level="INFO">${resp} = &lt;Response [200]&gt;</msg>
<status status="PASS" starttime="20190319 01:53:09.318" endtime="20190319 01:53:09.323"></status>
</kw>
<msg timestamp="20190319 01:53:09.323" level="INFO">${resp} = &lt;Response [200]&gt;</msg>
<status status="PASS" starttime="20190319 01:53:09.315" endtime="20190319 01:53:09.323"></status>
</kw>
<kw name="Set Variable" library="BuiltIn">
<doc>Returns the given values which can then be assigned to a variables.</doc>
<arguments>
<arg>${resp.content}</arg>
</arguments>
<assign>
<var>${result}</var>
</assign>
<msg timestamp="20190319 01:53:09.324" level="INFO">${result} = {"jsonrpc":"2.0","id":"1","result":"59e52eafb8acf1b182c02cfc21ee68736137e887a23e9d99250fbe0a4f3672fd"}
</msg>
<status status="PASS" starttime="20190319 01:53:09.323" endtime="20190319 01:53:09.324"></status>
</kw>
<kw name="Sleep" library="BuiltIn">
<doc>Pauses the test executed for the given time.</doc>
<arguments>
<arg>8</arg>
</arguments>
<msg timestamp="20190319 01:53:17.325" level="INFO">Slept 8 seconds</msg>
<status status="PASS" starttime="20190319 01:53:09.324" endtime="20190319 01:53:17.326"></status>
</kw>
<msg timestamp="20190319 01:53:17.327" level="INFO">${result} = {"jsonrpc":"2.0","id":"1","result":"59e52eafb8acf1b182c02cfc21ee68736137e887a23e9d99250fbe0a4f3672fd"}
</msg>
<status status="PASS" starttime="20190319 01:53:09.294" endtime="20190319 01:53:17.327"></status>
</kw>
<kw name="Log" library="BuiltIn">
<doc>Logs the given message with the given level.</doc>
<arguments>
<arg>${result}</arg>
</arguments>
<msg timestamp="20190319 01:53:17.330" level="INFO">{"jsonrpc":"2.0","id":"1","result":"59e52eafb8acf1b182c02cfc21ee68736137e887a23e9d99250fbe0a4f3672fd"}
</msg>
<status status="PASS" starttime="20190319 01:53:17.329" endtime="20190319 01:53:17.330"></status>
</kw>
<kw name="getAgreeForBecomeMediatorList" library="getAgreeForBecomeMediatorListParams">
<assign>
<var>@{addressList2}</var>
</assign>
<kw name="Create List" library="BuiltIn">
<doc>Returns a list containing given items.</doc>
<arguments>
<arg>GetAgreeForBecomeMediatorList</arg>
</arguments>
<assign>
<var>${one}</var>
</assign>
<msg timestamp="20190319 01:53:17.334" level="INFO">${one} = ['GetAgreeForBecomeMediatorList']</msg>
<status status="PASS" starttime="20190319 01:53:17.333" endtime="20190319 01:53:17.335"></status>
</kw>
<kw name="Create List" library="BuiltIn">
<doc>Returns a list containing given items.</doc>
<arguments>
<arg>${one}</arg>
</arguments>
<assign>
<var>${two}</var>
</assign>
<msg timestamp="20190319 01:53:17.337" level="INFO">${two} = [['GetAgreeForBecomeMediatorList']]</msg>
<status status="PASS" starttime="20190319 01:53:17.336" endtime="20190319 01:53:17.337"></status>
</kw>
<kw name="创建公用的POST请求" library="postRequest">
<arguments>
<arg>${depositContractQuery}</arg>
<arg>GetAgreeForBecomeMediatorList</arg>
<arg>${two}</arg>
</arguments>
<assign>
<var>${resp}</var>
</assign>
<kw name="Create Dictionary" library="BuiltIn">
<doc>Creates and returns a dictionary based on the given ``items``.</doc>
<arguments>
<arg>Content-Type=application/json</arg>
</arguments>
<assign>
<var>${header}</var>
</assign>
<msg timestamp="20190319 01:53:17.342" level="INFO">${header} = {'Content-Type': 'application/json'}</msg>
<status status="PASS" starttime="20190319 01:53:17.341" endtime="20190319 01:53:17.342"></status>
</kw>
<kw name="Create Dictionary" library="BuiltIn">
<doc>Creates and returns a dictionary based on the given ``items``.</doc>
<arguments>
<arg>jsonrpc=2.0</arg>
<arg>method=${method}</arg>
<arg>params=@{params}</arg>
<arg>id=1</arg>
</arguments>
<assign>
<var>${data}</var>
</assign>
<msg timestamp="20190319 01:53:17.345" level="INFO">${data} = {'jsonrpc': '2.0', 'method': 'ptn_depositContractQuery', 'params': [['GetAgreeForBecomeMediatorList']], 'id': '1'}</msg>
<status status="PASS" starttime="20190319 01:53:17.343" endtime="20190319 01:53:17.346"></status>
</kw>
<kw name="Create Session" library="RequestsLibrary">
<doc>Create Session: create a HTTP session to a server</doc>
<arguments>
<arg>${alias}</arg>
<arg>http://127.0.0.1:8545</arg>
</arguments>
<msg timestamp="20190319 01:53:17.346" level="INFO">Creating Session using : alias=GetAgreeForBecomeMediatorList, url=http://127.0.0.1:8545, headers={},                     cookies=None, auth=None, timeout=None, proxies=None, verify=False,                     debug=0 </msg>
<status status="PASS" starttime="20190319 01:53:17.346" endtime="20190319 01:53:17.347"></status>
</kw>
<kw name="Post Request" library="RequestsLibrary">
<doc>Send a POST request on the session object found using the
given `alias`</doc>
<arguments>
<arg>${alias}</arg>
<arg>http://127.0.0.1:8545</arg>
<arg>data=${data}</arg>
<arg>headers=${header}</arg>
</arguments>
<assign>
<var>${resp}</var>
</assign>
<msg timestamp="20190319 01:53:17.348" level="INFO">Starting new HTTP connection (1): 127.0.0.1</msg>
<msg timestamp="20190319 01:53:17.351" level="INFO">Post Request using : alias=GetAgreeForBecomeMediatorList, uri=http://127.0.0.1:8545, data={"jsonrpc": "2.0", "method": "ptn_depositContractQuery", "params": [["GetAgreeForBecomeMediatorList"]], "id": "1"}, headers={'Content-Type': 'application/json'}, files=None, allow_redirects=True </msg>
<msg timestamp="20190319 01:53:17.351" level="INFO">${resp} = &lt;Response [200]&gt;</msg>
<status status="PASS" starttime="20190319 01:53:17.347" endtime="20190319 01:53:17.351"></status>
</kw>
<msg timestamp="20190319 01:53:17.351" level="INFO">${resp} = &lt;Response [200]&gt;</msg>
<status status="PASS" starttime="20190319 01:53:17.338" endtime="20190319 01:53:17.351"></status>
</kw>
<kw name="To Json" library="RequestsLibrary">
<doc>Convert a string to a JSON object</doc>
<arguments>
<arg>${resp.content}</arg>
</arguments>
<assign>
<var>${respContentJson}</var>
</assign>
<msg timestamp="20190319 01:53:17.352" level="INFO">To JSON using : content={"jsonrpc":"2.0","id":"1","result":"[{\"address\":\"P124CZmBwMfE2kYgJsb3dK6fxbH2Kwnm6SU\",\"content\":\"{\\\"key\\\":\\\"value\\\"}\",\"time\":862769}]"}
 </msg>
<msg timestamp="20190319 01:53:17.352" level="INFO">To JSON using : pretty_print=False </msg>
<msg timestamp="20190319 01:53:17.352" level="INFO">${respContentJson} = {'jsonrpc': '2.0', 'id': '1', 'result': '[{"address":"P124CZmBwMfE2kYgJsb3dK6fxbH2Kwnm6SU","content":"{\\"key\\":\\"value\\"}","time":862769}]'}</msg>
<status status="PASS" starttime="20190319 01:53:17.352" endtime="20190319 01:53:17.352"></status>
</kw>
<kw name="Get Length" library="BuiltIn">
<doc>Returns and logs the length of the given item as an integer.</doc>
<arguments>
<arg>${respContentJson['result']}</arg>
</arguments>
<assign>
<var>${resultLen}</var>
</assign>
<msg timestamp="20190319 01:53:17.353" level="INFO">Length is 97</msg>
<msg timestamp="20190319 01:53:17.353" level="INFO">${resultLen} = 97</msg>
<status status="PASS" starttime="20190319 01:53:17.352" endtime="20190319 01:53:17.353"></status>
</kw>
<kw name="Run Keyword If" library="BuiltIn">
<doc>Runs the given keyword with the given arguments, if ``condition`` is true.</doc>
<arguments>
<arg>${resultLen} == 0</arg>
<arg>Create List</arg>
<arg>list is nil</arg>
</arguments>
<assign>
<var>${address}</var>
</assign>
<msg timestamp="20190319 01:53:17.353" level="INFO">${address} = None</msg>
<status status="PASS" starttime="20190319 01:53:17.353" endtime="20190319 01:53:17.354"></status>
</kw>
<kw name="Run Keyword If" library="BuiltIn">
<doc>Runs the given keyword with the given arguments, if ``condition`` is true.</doc>
<arguments>
<arg>${resultLen} == 0</arg>
<arg>${address}</arg>
</arguments>
<assign>
<var>${addressList}</var>
</assign>
<msg timestamp="20190319 01:53:17.354" level="INFO">${addressList} = None</msg>
<status status="PASS" starttime="20190319 01:53:17.354" endtime="20190319 01:53:17.354"></status>
</kw>
<kw name="Run Keyword If" library="BuiltIn">
<doc>Runs the given keyword with the given arguments, if ``condition`` is true.</doc>
<arguments>
<arg>${resultLen} != 0</arg>
<arg>Evaluate</arg>
<arg>[addressList['address'] for addressList in ${respContentJson['result']}]</arg>
</arguments>
<assign>
<var>${addressList}</var>
</assign>
<kw name="Evaluate" library="BuiltIn">
<doc>Evaluates the given expression in Python and returns the results.</doc>
<arguments>
<arg>[addressList['address'] for addressList in ${respContentJson['result']}]</arg>
</arguments>
<status status="PASS" starttime="20190319 01:53:17.355" endtime="20190319 01:53:17.355"></status>
</kw>
<msg timestamp="20190319 01:53:17.355" level="INFO">${addressList} = ['P124CZmBwMfE2kYgJsb3dK6fxbH2Kwnm6SU']</msg>
<status status="PASS" starttime="20190319 01:53:17.354" endtime="20190319 01:53:17.356"></status>
</kw>
<msg timestamp="20190319 01:53:17.356" level="INFO">@{addressList2} = [ P124CZmBwMfE2kYgJsb3dK6fxbH2Kwnm6SU ]</msg>
<status status="PASS" starttime="20190319 01:53:17.331" endtime="20190319 01:53:17.356"></status>
</kw>
<kw name="Log" library="BuiltIn">
<doc>Logs the given message with the given level.</doc>
<arguments>
<arg>@{addressList2}</arg>
</arguments>
<msg timestamp="20190319 01:53:17.356" level="INFO">P124CZmBwMfE2kYgJsb3dK6fxbH2Kwnm6SU</msg>
<status status="PASS" starttime="20190319 01:53:17.356" endtime="20190319 01:53:17.356"></status>
</kw>
<kw name="Should Be True" library="BuiltIn">
<doc>Fails if the given condition is not true.</doc>
<arguments>
<arg>'${mediatorAddr_01}' in @{addressList2}</arg>
</arguments>
<status status="PASS" starttime="20190319 01:53:17.357" endtime="20190319 01:53:17.357"></status>
</kw>
<kw name="mediatorPayToDepositContract" library="mediatorPayToDepositContractParams">
<arguments>
<arg>${mediatorAddr_01}</arg>
<arg>200000000000</arg>
</arguments>
<assign>
<var>${result}</var>
</assign>
<kw name="Mediator交付保证金所需参数" library="mediatorPayToDepositContractParams">
<arguments>
<arg>${mediatorAddr}</arg>
<arg>${depositAmounts}</arg>
</arguments>
<assign>
<var>${Mediator交付保证金所需参数}</var>
</assign>
<kw name="Create List" library="BuiltIn">
<doc>Returns a list containing given items.</doc>
<arguments>
<arg>MediatorPayToDepositContract</arg>
</arguments>
<assign>
<var>${one}</var>
</assign>
<msg timestamp="20190319 01:53:17.359" level="INFO">${one} = ['MediatorPayToDepositContract']</msg>
<status status="PASS" starttime="20190319 01:53:17.359" endtime="20190319 01:53:17.359"></status>
</kw>
<kw name="Create List" library="BuiltIn">
<doc>Returns a list containing given items.</doc>
<arguments>
<arg>${mediatorAddr}</arg>
<arg>${depositContractAddress}</arg>
<arg>${depositAmounts}</arg>
<arg>${fee}</arg>
<arg>${one}</arg>
</arguments>
<assign>
<var>${two}</var>
</assign>
<msg timestamp="20190319 01:53:17.360" level="INFO">${two} = ['P124CZmBwMfE2kYgJsb3dK6fxbH2Kwnm6SU', 'PCGTta3M4t3yXu8uRgkKvaWd2d8DR32W9vM', '200000000000', '1000000000', ['MediatorPayToDepositContract']]</msg>
<status status="PASS" starttime="20190319 01:53:17.359" endtime="20190319 01:53:17.360"></status>
</kw>
<msg timestamp="20190319 01:53:17.360" level="INFO">${Mediator交付保证金所需参数} = ['P124CZmBwMfE2kYgJsb3dK6fxbH2Kwnm6SU', 'PCGTta3M4t3yXu8uRgkKvaWd2d8DR32W9vM', '200000000000', '1000000000', ['MediatorPayToDepositContract']]</msg>
<status status="PASS" starttime="20190319 01:53:17.358" endtime="20190319 01:53:17.360"></status>
</kw>
<kw name="创建公用的POST请求" library="postRequest">
<arguments>
<arg>${depositContractInvoke}</arg>
<arg>MediatorPayToDepositContract</arg>
<arg>${Mediator交付保证金所需参数}</arg>
</arguments>
<assign>
<var>${resp}</var>
</assign>
<kw name="Create Dictionary" library="BuiltIn">
<doc>Creates and returns a dictionary based on the given ``items``.</doc>
<arguments>
<arg>Content-Type=application/json</arg>
</arguments>
<assign>
<var>${header}</var>
</assign>
<msg timestamp="20190319 01:53:17.362" level="INFO">${header} = {'Content-Type': 'application/json'}</msg>
<status status="PASS" starttime="20190319 01:53:17.361" endtime="20190319 01:53:17.362"></status>
</kw>
<kw name="Create Dictionary" library="BuiltIn">
<doc>Creates and returns a dictionary based on the given ``items``.</doc>
<arguments>
<arg>jsonrpc=2.0</arg>
<arg>method=${method}</arg>
<arg>params=@{params}</arg>
<arg>id=1</arg>
</arguments>
<assign>
<var>${data}</var>
</assign>
<msg timestamp="20190319 01:53:17.363" level="INFO">${data} = {'jsonrpc': '2.0', 'method': 'ptn_depositContractInvoke', 'params': ['P124CZmBwMfE2kYgJsb3dK6fxbH2Kwnm6SU', 'PCGTta3M4t3yXu8uRgkKvaWd2d8DR32W9vM', '200000000000', '1000000000', ['MediatorPayToDepositC...</msg>
<status status="PASS" starttime="20190319 01:53:17.362" endtime="20190319 01:53:17.363"></status>
</kw>
<kw name="Create Session" library="RequestsLibrary">
<doc>Create Session: create a HTTP session to a server</doc>
<arguments>
<arg>${alias}</arg>
<arg>http://127.0.0.1:8545</arg>
</arguments>
<msg timestamp="20190319 01:53:17.363" level="INFO">Creating Session using : alias=MediatorPayToDepositContract, url=http://127.0.0.1:8545, headers={},                     cookies=None, auth=None, timeout=None, proxies=None, verify=False,                     debug=0 </msg>
<status status="PASS" starttime="20190319 01:53:17.363" endtime="20190319 01:53:17.363"></status>
</kw>
<kw name="Post Request" library="RequestsLibrary">
<doc>Send a POST request on the session object found using the
given `alias`</doc>
<arguments>
<arg>${alias}</arg>
<arg>http://127.0.0.1:8545</arg>
<arg>data=${data}</arg>
<arg>headers=${header}</arg>
</arguments>
<assign>
<var>${resp}</var>
</assign>
<msg timestamp="20190319 01:53:17.365" level="INFO">Starting new HTTP connection (1): 127.0.0.1</msg>
<msg timestamp="20190319 01:53:17.368" level="INFO">Post Request using : alias=MediatorPayToDepositContract, uri=http://127.0.0.1:8545, data={"jsonrpc": "2.0", "method": "ptn_depositContractInvoke", "params": ["P124CZmBwMfE2kYgJsb3dK6fxbH2Kwnm6SU", "PCGTta3M4t3yXu8uRgkKvaWd2d8DR32W9vM", "200000000000", "1000000000", ["MediatorPayToDepositContract"]], "id": "1"}, headers={'Content-Type': 'application/json'}, files=None, allow_redirects=True </msg>
<msg timestamp="20190319 01:53:17.368" level="INFO">${resp} = &lt;Response [200]&gt;</msg>
<status status="PASS" starttime="20190319 01:53:17.364" endtime="20190319 01:53:17.368"></status>
</kw>
<msg timestamp="20190319 01:53:17.368" level="INFO">${resp} = &lt;Response [200]&gt;</msg>
<status status="PASS" starttime="20190319 01:53:17.360" endtime="20190319 01:53:17.368"></status>
</kw>
<kw name="Set Variable" library="BuiltIn">
<doc>Returns the given values which can then be assigned to a variables.</doc>
<arguments>
<arg>${resp.content}</arg>
</arguments>
<assign>
<var>${result}</var>
</assign>
<msg timestamp="20190319 01:53:17.369" level="INFO">${result} = {"jsonrpc":"2.0","id":"1","result":"e74ba1aa70a34c18e1c68bcccdbab49b9c3a32073e35e81113b3a0393de398d0"}
</msg>
<status status="PASS" starttime="20190319 01:53:17.369" endtime="20190319 01:53:17.369"></status>
</kw>
<kw name="Sleep" library="BuiltIn">
<doc>Pauses the test executed for the given time.</doc>
<arguments>
<arg>8</arg>
</arguments>
<msg timestamp="20190319 01:53:25.370" level="INFO">Slept 8 seconds</msg>
<status status="PASS" starttime="20190319 01:53:17.369" endtime="20190319 01:53:25.371"></status>
</kw>
<msg timestamp="20190319 01:53:25.372" level="INFO">${result} = {"jsonrpc":"2.0","id":"1","result":"e74ba1aa70a34c18e1c68bcccdbab49b9c3a32073e35e81113b3a0393de398d0"}
</msg>
<status status="PASS" starttime="20190319 01:53:17.358" endtime="20190319 01:53:25.372"></status>
</kw>
<kw name="Log" library="BuiltIn">
<doc>Logs the given message with the given level.</doc>
<arguments>
<arg>${result}</arg>
</arguments>
<msg timestamp="20190319 01:53:25.375" level="INFO">{"jsonrpc":"2.0","id":"1","result":"e74ba1aa70a34c18e1c68bcccdbab49b9c3a32073e35e81113b3a0393de398d0"}
</msg>
<status status="PASS" starttime="20190319 01:53:25.374" endtime="20190319 01:53:25.375"></status>
</kw>
<kw name="getListForMediatorCandidate" library="getListForMediatorCandidateParams">
<assign>
<var>@{addressList3}</var>
</assign>
<kw name="Create List" library="BuiltIn">
<doc>Returns a list containing given items.</doc>
<arguments>
<arg>GetListForMediatorCandidate</arg>
</arguments>
<assign>
<var>${one}</var>
</assign>
<msg timestamp="20190319 01:53:25.380" level="INFO">${one} = ['GetListForMediatorCandidate']</msg>
<status status="PASS" starttime="20190319 01:53:25.379" endtime="20190319 01:53:25.380"></status>
</kw>
<kw name="Create List" library="BuiltIn">
<doc>Returns a list containing given items.</doc>
<arguments>
<arg>${one}</arg>
</arguments>
<assign>
<var>${two}</var>
</assign>
<msg timestamp="20190319 01:53:25.382" level="INFO">${two} = [['GetListForMediatorCandidate']]</msg>
<status status="PASS" starttime="20190319 01:53:25.381" endtime="20190319 01:53:25.383"></status>
</kw>
<kw name="创建公用的POST请求" library="postRequest">
<arguments>
<arg>${depositContractQuery}</arg>
<arg>GetListForMediatorCandidate</arg>
<arg>${two}</arg>
</arguments>
<assign>
<var>${resp}</var>
</assign>
<kw name="Create Dictionary" library="BuiltIn">
<doc>Creates and returns a dictionary based on the given ``items``.</doc>
<arguments>
<arg>Content-Type=application/json</arg>
</arguments>
<assign>
<var>${header}</var>
</assign>
<msg timestamp="20190319 01:53:25.388" level="INFO">${header} = {'Content-Type': 'application/json'}</msg>
<status status="PASS" starttime="20190319 01:53:25.386" endtime="20190319 01:53:25.388"></status>
</kw>
<kw name="Create Dictionary" library="BuiltIn">
<doc>Creates and returns a dictionary based on the given ``items``.</doc>
<arguments>
<arg>jsonrpc=2.0</arg>
<arg>method=${method}</arg>
<arg>params=@{params}</arg>
<arg>id=1</arg>
</arguments>
<assign>
<var>${data}</var>
</assign>
<msg timestamp="20190319 01:53:25.391" level="INFO">${data} = {'jsonrpc': '2.0', 'method': 'ptn_depositContractQuery', 'params': [['GetListForMediatorCandidate']], 'id': '1'}</msg>
<status status="PASS" starttime="20190319 01:53:25.389" endtime="20190319 01:53:25.391"></status>
</kw>
<kw name="Create Session" library="RequestsLibrary">
<doc>Create Session: create a HTTP session to a server</doc>
<arguments>
<arg>${alias}</arg>
<arg>http://127.0.0.1:8545</arg>
</arguments>
<msg timestamp="20190319 01:53:25.393" level="INFO">Creating Session using : alias=GetListForMediatorCandidate, url=http://127.0.0.1:8545, headers={},                     cookies=None, auth=None, timeout=None, proxies=None, verify=False,                     debug=0 </msg>
<status status="PASS" starttime="20190319 01:53:25.392" endtime="20190319 01:53:25.395"></status>
</kw>
<kw name="Post Request" library="RequestsLibrary">
<doc>Send a POST request on the session object found using the
given `alias`</doc>
<arguments>
<arg>${alias}</arg>
<arg>http://127.0.0.1:8545</arg>
<arg>data=${data}</arg>
<arg>headers=${header}</arg>
</arguments>
<assign>
<var>${resp}</var>
</assign>
<msg timestamp="20190319 01:53:25.401" level="INFO">Starting new HTTP connection (1): 127.0.0.1</msg>
<msg timestamp="20190319 01:53:25.410" level="INFO">Post Request using : alias=GetListForMediatorCandidate, uri=http://127.0.0.1:8545, data={"jsonrpc": "2.0", "method": "ptn_depositContractQuery", "params": [["GetListForMediatorCandidate"]], "id": "1"}, headers={'Content-Type': 'application/json'}, files=None, allow_redirects=True </msg>
<msg timestamp="20190319 01:53:25.411" level="INFO">${resp} = &lt;Response [200]&gt;</msg>
<status status="PASS" starttime="20190319 01:53:25.396" endtime="20190319 01:53:25.411"></status>
</kw>
<msg timestamp="20190319 01:53:25.412" level="INFO">${resp} = &lt;Response [200]&gt;</msg>
<status status="PASS" starttime="20190319 01:53:25.384" endtime="20190319 01:53:25.412"></status>
</kw>
<kw name="To Json" library="RequestsLibrary">
<doc>Convert a string to a JSON object</doc>
<arguments>
<arg>${resp.content}</arg>
</arguments>
<assign>
<var>${respContentJson}</var>
</assign>
<msg timestamp="20190319 01:53:25.415" level="INFO">To JSON using : content={"jsonrpc":"2.0","id":"1","result":"[{\"address\":\"P124CZmBwMfE2kYgJsb3dK6fxbH2Kwnm6SU\",\"content\":\"{\\\"key\\\":\\\"value\\\"}\",\"time\":862769}]"}
 </msg>
<msg timestamp="20190319 01:53:25.415" level="INFO">To JSON using : pretty_print=False </msg>
<msg timestamp="20190319 01:53:25.415" level="INFO">${respContentJson} = {'jsonrpc': '2.0', 'id': '1', 'result': '[{"address":"P124CZmBwMfE2kYgJsb3dK6fxbH2Kwnm6SU","content":"{\\"key\\":\\"value\\"}","time":862769}]'}</msg>
<status status="PASS" starttime="20190319 01:53:25.413" endtime="20190319 01:53:25.416"></status>
</kw>
<kw name="Get Length" library="BuiltIn">
<doc>Returns and logs the length of the given item as an integer.</doc>
<arguments>
<arg>${respContentJson['result']}</arg>
</arguments>
<assign>
<var>${resultLen}</var>
</assign>
<msg timestamp="20190319 01:53:25.417" level="INFO">Length is 97</msg>
<msg timestamp="20190319 01:53:25.417" level="INFO">${resultLen} = 97</msg>
<status status="PASS" starttime="20190319 01:53:25.416" endtime="20190319 01:53:25.417"></status>
</kw>
<kw name="Run Keyword If" library="BuiltIn">
<doc>Runs the given keyword with the given arguments, if ``condition`` is true.</doc>
<arguments>
<arg>${resultLen} == 0</arg>
<arg>Create List</arg>
<arg>list is nil</arg>
</arguments>
<assign>
<var>${address}</var>
</assign>
<msg timestamp="20190319 01:53:25.418" level="INFO">${address} = None</msg>
<status status="PASS" starttime="20190319 01:53:25.418" endtime="20190319 01:53:25.418"></status>
</kw>
<kw name="Run Keyword If" library="BuiltIn">
<doc>Runs the given keyword with the given arguments, if ``condition`` is true.</doc>
<arguments>
<arg>${resultLen} == 0</arg>
<arg>Create List</arg>
<arg>${address}</arg>
</arguments>
<assign>
<var>@{addressList}</var>
</assign>
<msg timestamp="20190319 01:53:25.419" level="INFO">@{addressList} = [ ]</msg>
<status status="PASS" starttime="20190319 01:53:25.419" endtime="20190319 01:53:25.419"></status>
</kw>
<kw name="Run Keyword If" library="BuiltIn">
<doc>Runs the given keyword with the given arguments, if ``condition`` is true.</doc>
<arguments>
<arg>${resultLen} != 0</arg>
<arg>Evaluate</arg>
<arg>[addressList['address'] for addressList in ${respContentJson['result']}]</arg>
</arguments>
<assign>
<var>@{addressList}</var>
</assign>
<kw name="Evaluate" library="BuiltIn">
<doc>Evaluates the given expression in Python and returns the results.</doc>
<arguments>
<arg>[addressList['address'] for addressList in ${respContentJson['result']}]</arg>
</arguments>
<status status="PASS" starttime="20190319 01:53:25.421" endtime="20190319 01:53:25.421"></status>
</kw>
<msg timestamp="20190319 01:53:25.422" level="INFO">@{addressList} = [ P124CZmBwMfE2kYgJsb3dK6fxbH2Kwnm6SU ]</msg>
<status status="PASS" starttime="20190319 01:53:25.420" endtime="20190319 01:53:25.422"></status>
</kw>
<msg timestamp="20190319 01:53:25.422" level="INFO">@{addressList3} = [ P124CZmBwMfE2kYgJsb3dK6fxbH2Kwnm6SU ]</msg>
<status status="PASS" starttime="20190319 01:53:25.376" endtime="20190319 01:53:25.422"></status>
</kw>
<kw name="Log" library="BuiltIn">
<doc>Logs the given message with the given level.</doc>
<arguments>
<arg>@{addressList3}</arg>
</arguments>
<msg timestamp="20190319 01:53:25.423" level="INFO">P124CZmBwMfE2kYgJsb3dK6fxbH2Kwnm6SU</msg>
<status status="PASS" starttime="20190319 01:53:25.423" endtime="20190319 01:53:25.423"></status>
</kw>
<kw name="Should Be True" library="BuiltIn">
<doc>Fails if the given condition is not true.</doc>
<arguments>
<arg>'${mediatorAddr_01}' in @{addressList3}</arg>
</arguments>
<status status="PASS" starttime="20190319 01:53:25.423" endtime="20190319 01:53:25.424"></status>
</kw>
<kw name="getCandidateBalanceWithAddr" library="getCandidateBalanceWithAddrParams">
<arguments>
<arg>${mediatorAddr_01}</arg>
</arguments>
<assign>
<var>${result}</var>
</assign>
<kw name="获取某个节点的账户" library="getCandidateBalanceWithAddrParams">
<arguments>
<arg>${nodeAddr}</arg>
</arguments>
<assign>
<var>${11}</var>
</assign>
<kw name="Create List" library="BuiltIn">
<doc>Returns a list containing given items.</doc>
<arguments>
<arg>GetBalanceWithAddr</arg>
<arg>${nodeAddr}</arg>
</arguments>
<assign>
<var>${one}</var>
</assign>
<msg timestamp="20190319 01:53:25.427" level="INFO">${one} = ['GetBalanceWithAddr', 'P124CZmBwMfE2kYgJsb3dK6fxbH2Kwnm6SU']</msg>
<status status="PASS" starttime="20190319 01:53:25.426" endtime="20190319 01:53:25.427"></status>
</kw>
<kw name="Create List" library="BuiltIn">
<doc>Returns a list containing given items.</doc>
<arguments>
<arg>${one}</arg>
</arguments>
<assign>
<var>${two}</var>
</assign>
<msg timestamp="20190319 01:53:25.427" level="INFO">${two} = [['GetBalanceWithAddr', 'P124CZmBwMfE2kYgJsb3dK6fxbH2Kwnm6SU']]</msg>
<status status="PASS" starttime="20190319 01:53:25.427" endtime="20190319 01:53:25.428"></status>
</kw>
<msg timestamp="20190319 01:53:25.428" level="INFO">${11} = [['GetBalanceWithAddr', 'P124CZmBwMfE2kYgJsb3dK6fxbH2Kwnm6SU']]</msg>
<status status="PASS" starttime="20190319 01:53:25.426" endtime="20190319 01:53:25.428"></status>
</kw>
<kw name="创建公用的POST请求" library="postRequest">
<arguments>
<arg>${depositContractQuery}</arg>
<arg>GetCandidateBalanceWithAddr</arg>
<arg>${11}</arg>
</arguments>
<assign>
<var>${resp}</var>
</assign>
<kw name="Create Dictionary" library="BuiltIn">
<doc>Creates and returns a dictionary based on the given ``items``.</doc>
<arguments>
<arg>Content-Type=application/json</arg>
</arguments>
<assign>
<var>${header}</var>
</assign>
<msg timestamp="20190319 01:53:25.429" level="INFO">${header} = {'Content-Type': 'application/json'}</msg>
<status status="PASS" starttime="20190319 01:53:25.429" endtime="20190319 01:53:25.429"></status>
</kw>
<kw name="Create Dictionary" library="BuiltIn">
<doc>Creates and returns a dictionary based on the given ``items``.</doc>
<arguments>
<arg>jsonrpc=2.0</arg>
<arg>method=${method}</arg>
<arg>params=@{params}</arg>
<arg>id=1</arg>
</arguments>
<assign>
<var>${data}</var>
</assign>
<msg timestamp="20190319 01:53:25.430" level="INFO">${data} = {'jsonrpc': '2.0', 'method': 'ptn_depositContractQuery', 'params': [['GetBalanceWithAddr', 'P124CZmBwMfE2kYgJsb3dK6fxbH2Kwnm6SU']], 'id': '1'}</msg>
<status status="PASS" starttime="20190319 01:53:25.429" endtime="20190319 01:53:25.430"></status>
</kw>
<kw name="Create Session" library="RequestsLibrary">
<doc>Create Session: create a HTTP session to a server</doc>
<arguments>
<arg>${alias}</arg>
<arg>http://127.0.0.1:8545</arg>
</arguments>
<msg timestamp="20190319 01:53:25.430" level="INFO">Creating Session using : alias=GetCandidateBalanceWithAddr, url=http://127.0.0.1:8545, headers={},                     cookies=None, auth=None, timeout=None, proxies=None, verify=False,                     debug=0 </msg>
<status status="PASS" starttime="20190319 01:53:25.430" endtime="20190319 01:53:25.431"></status>
</kw>
<kw name="Post Request" library="RequestsLibrary">
<doc>Send a POST request on the session object found using the
given `alias`</doc>
<arguments>
<arg>${alias}</arg>
<arg>http://127.0.0.1:8545</arg>
<arg>data=${data}</arg>
<arg>headers=${header}</arg>
</arguments>
<assign>
<var>${resp}</var>
</assign>
<msg timestamp="20190319 01:53:25.432" level="INFO">Starting new HTTP connection (1): 127.0.0.1</msg>
<msg timestamp="20190319 01:53:25.435" level="INFO">Post Request using : alias=GetCandidateBalanceWithAddr, uri=http://127.0.0.1:8545, data={"jsonrpc": "2.0", "method": "ptn_depositContractQuery", "params": [["GetBalanceWithAddr", "P124CZmBwMfE2kYgJsb3dK6fxbH2Kwnm6SU"]], "id": "1"}, headers={'Content-Type': 'application/json'}, files=None, allow_redirects=True </msg>
<msg timestamp="20190319 01:53:25.435" level="INFO">${resp} = &lt;Response [200]&gt;</msg>
<status status="PASS" starttime="20190319 01:53:25.431" endtime="20190319 01:53:25.435"></status>
</kw>
<msg timestamp="20190319 01:53:25.435" level="INFO">${resp} = &lt;Response [200]&gt;</msg>
<status status="PASS" starttime="20190319 01:53:25.428" endtime="20190319 01:53:25.435"></status>
</kw>
<kw name="To Json" library="RequestsLibrary">
<doc>Convert a string to a JSON object</doc>
<arguments>
<arg>${resp.content}</arg>
</arguments>
<assign>
<var>${respContentJson}</var>
</assign>
<msg timestamp="20190319 01:53:25.436" level="INFO">To JSON using : content={"jsonrpc":"2.0","id":"1","result":"{\"total_amount\":200000000000,\"last_modify_time\":862769,\"enter_time\":862769,\"pay_values\":[{\"pay_tokens\":{\"amount\":200000000000,\"asset\":\"PTN\",\"address\":\"\"},\"pay_time\":862769}],\"cashback_values\":null,\"forfeiture_values\":null}"}
 </msg>
<msg timestamp="20190319 01:53:25.436" level="INFO">To JSON using : pretty_print=False </msg>
<msg timestamp="20190319 01:53:25.436" level="INFO">${respContentJson} = {'jsonrpc': '2.0', 'id': '1', 'result': '{"total_amount":200000000000,"last_modify_time":862769,"enter_time":862769,"pay_values":[{"pay_tokens":{"amount":200000000000,"asset":"PTN","address":""},"pay_...</msg>
<status status="PASS" starttime="20190319 01:53:25.436" endtime="20190319 01:53:25.436"></status>
</kw>
<kw name="Set Variable" library="BuiltIn">
<doc>Returns the given values which can then be assigned to a variables.</doc>
<arguments>
<arg>${respContentJson['result']}</arg>
</arguments>
<assign>
<var>${balance}</var>
</assign>
<msg timestamp="20190319 01:53:25.437" level="INFO">${balance} = {"total_amount":200000000000,"last_modify_time":862769,"enter_time":862769,"pay_values":[{"pay_tokens":{"amount":200000000000,"asset":"PTN","address":""},"pay_time":862769}],"cashback_values":null,"fo...</msg>
<status status="PASS" starttime="20190319 01:53:25.436" endtime="20190319 01:53:25.437"></status>
</kw>
<msg timestamp="20190319 01:53:25.437" level="INFO">${result} = {"total_amount":200000000000,"last_modify_time":862769,"enter_time":862769,"pay_values":[{"pay_tokens":{"amount":200000000000,"asset":"PTN","address":""},"pay_time":862769}],"cashback_values":null,"fo...</msg>
<status status="PASS" starttime="20190319 01:53:25.425" endtime="20190319 01:53:25.437"></status>
</kw>
<kw name="Log" library="BuiltIn">
<doc>Logs the given message with the given level.</doc>
<arguments>
<arg>${result}</arg>
</arguments>
<msg timestamp="20190319 01:53:25.438" level="INFO">{"total_amount":200000000000,"last_modify_time":862769,"enter_time":862769,"pay_values":[{"pay_tokens":{"amount":200000000000,"asset":"PTN","address":""},"pay_time":862769}],"cashback_values":null,"forfeiture_values":null}</msg>
<status status="PASS" starttime="20190319 01:53:25.437" endtime="20190319 01:53:25.438"></status>
</kw>
<kw name="Should Not Be Equal" library="BuiltIn">
<doc>Fails if the given objects are equal.</doc>
<arguments>
<arg>${result}</arg>
<arg>balance is nil</arg>
</arguments>
<status status="PASS" starttime="20190319 01:53:25.438" endtime="20190319 01:53:25.438"></status>
</kw>
<kw name="applyQuitMediator" library="applyQuitMediatorParams">
<arguments>
<arg>${mediatorAddr_01}</arg>
</arguments>
<assign>
<var>${result}</var>
</assign>
<kw name="申请退出Mediator候选节点所需参数" library="applyQuitMediatorParams">
<arguments>
<arg>${mediatorAddr}</arg>
</arguments>
<assign>
<var>${申请退出Mediator候选节点所需参数}</var>
</assign>
<kw name="Create List" library="BuiltIn">
<doc>Returns a list containing given items.</doc>
<arguments>
<arg>MediatorApplyQuitMediator</arg>
</arguments>
<assign>
<var>${one}</var>
</assign>
<msg timestamp="20190319 01:53:25.440" level="INFO">${one} = ['MediatorApplyQuitMediator']</msg>
<status status="PASS" starttime="20190319 01:53:25.440" endtime="20190319 01:53:25.440"></status>
</kw>
<kw name="Create List" library="BuiltIn">
<doc>Returns a list containing given items.</doc>
<arguments>
<arg>${mediatorAddr}</arg>
<arg>${mediatorAddr}</arg>
<arg>${amount}</arg>
<arg>${fee}</arg>
<arg>${one}</arg>
</arguments>
<assign>
<var>${two}</var>
</assign>
<msg timestamp="20190319 01:53:25.441" level="INFO">${two} = ['P124CZmBwMfE2kYgJsb3dK6fxbH2Kwnm6SU', 'P124CZmBwMfE2kYgJsb3dK6fxbH2Kwnm6SU', '1000000000', '1000000000', ['MediatorApplyQuitMediator']]</msg>
<status status="PASS" starttime="20190319 01:53:25.440" endtime="20190319 01:53:25.441"></status>
</kw>
<msg timestamp="20190319 01:53:25.441" level="INFO">${申请退出Mediator候选节点所需参数} = ['P124CZmBwMfE2kYgJsb3dK6fxbH2Kwnm6SU', 'P124CZmBwMfE2kYgJsb3dK6fxbH2Kwnm6SU', '1000000000', '1000000000', ['MediatorApplyQuitMediator']]</msg>
<status status="PASS" starttime="20190319 01:53:25.439" endtime="20190319 01:53:25.441"></status>
</kw>
<kw name="创建公用的POST请求" library="postRequest">
<arguments>
<arg>${depositContractInvoke}</arg>
<arg>ApplyBecomeMediator</arg>
<arg>${申请退出Mediator候选节点所需参数}</arg>
</arguments>
<assign>
<var>${resp}</var>
</assign>
<kw name="Create Dictionary" library="BuiltIn">
<doc>Creates and returns a dictionary based on the given ``items``.</doc>
<arguments>
<arg>Content-Type=application/json</arg>
</arguments>
<assign>
<var>${header}</var>
</assign>
<msg timestamp="20190319 01:53:25.442" level="INFO">${header} = {'Content-Type': 'application/json'}</msg>
<status status="PASS" starttime="20190319 01:53:25.442" endtime="20190319 01:53:25.442"></status>
</kw>
<kw name="Create Dictionary" library="BuiltIn">
<doc>Creates and returns a dictionary based on the given ``items``.</doc>
<arguments>
<arg>jsonrpc=2.0</arg>
<arg>method=${method}</arg>
<arg>params=@{params}</arg>
<arg>id=1</arg>
</arguments>
<assign>
<var>${data}</var>
</assign>
<msg timestamp="20190319 01:53:25.443" level="INFO">${data} = {'jsonrpc': '2.0', 'method': 'ptn_depositContractInvoke', 'params': ['P124CZmBwMfE2kYgJsb3dK6fxbH2Kwnm6SU', 'P124CZmBwMfE2kYgJsb3dK6fxbH2Kwnm6SU', '1000000000', '1000000000', ['MediatorApplyQuitMediat...</msg>
<status status="PASS" starttime="20190319 01:53:25.443" endtime="20190319 01:53:25.443"></status>
</kw>
<kw name="Create Session" library="RequestsLibrary">
<doc>Create Session: create a HTTP session to a server</doc>
<arguments>
<arg>${alias}</arg>
<arg>http://127.0.0.1:8545</arg>
</arguments>
<msg timestamp="20190319 01:53:25.444" level="INFO">Creating Session using : alias=ApplyBecomeMediator, url=http://127.0.0.1:8545, headers={},                     cookies=None, auth=None, timeout=None, proxies=None, verify=False,                     debug=0 </msg>
<status status="PASS" starttime="20190319 01:53:25.443" endtime="20190319 01:53:25.444"></status>
</kw>
<kw name="Post Request" library="RequestsLibrary">
<doc>Send a POST request on the session object found using the
given `alias`</doc>
<arguments>
<arg>${alias}</arg>
<arg>http://127.0.0.1:8545</arg>
<arg>data=${data}</arg>
<arg>headers=${header}</arg>
</arguments>
<assign>
<var>${resp}</var>
</assign>
<msg timestamp="20190319 01:53:25.446" level="INFO">Starting new HTTP connection (1): 127.0.0.1</msg>
<msg timestamp="20190319 01:53:25.449" level="INFO">Post Request using : alias=ApplyBecomeMediator, uri=http://127.0.0.1:8545, data={"jsonrpc": "2.0", "method": "ptn_depositContractInvoke", "params": ["P124CZmBwMfE2kYgJsb3dK6fxbH2Kwnm6SU", "P124CZmBwMfE2kYgJsb3dK6fxbH2Kwnm6SU", "1000000000", "1000000000", ["MediatorApplyQuitMediator"]], "id": "1"}, headers={'Content-Type': 'application/json'}, files=None, allow_redirects=True </msg>
<msg timestamp="20190319 01:53:25.449" level="INFO">${resp} = &lt;Response [200]&gt;</msg>
<status status="PASS" starttime="20190319 01:53:25.444" endtime="20190319 01:53:25.449"></status>
</kw>
<msg timestamp="20190319 01:53:25.450" level="INFO">${resp} = &lt;Response [200]&gt;</msg>
<status status="PASS" starttime="20190319 01:53:25.441" endtime="20190319 01:53:25.450"></status>
</kw>
<kw name="Set Variable" library="BuiltIn">
<doc>Returns the given values which can then be assigned to a variables.</doc>
<arguments>
<arg>${resp.content}</arg>
</arguments>
<assign>
<var>${result}</var>
</assign>
<msg timestamp="20190319 01:53:25.450" level="INFO">${result} = {"jsonrpc":"2.0","id":"1","result":"8b121b49b8e271e84aaaf4fcdcadecfd5d0deb2e1b2c302fe8f8144562e1b28d"}
</msg>
<status status="PASS" starttime="20190319 01:53:25.450" endtime="20190319 01:53:25.450"></status>
</kw>
<kw name="Sleep" library="BuiltIn">
<doc>Pauses the test executed for the given time.</doc>
<arguments>
<arg>8</arg>
</arguments>
<msg timestamp="20190319 01:53:33.451" level="INFO">Slept 8 seconds</msg>
<status status="PASS" starttime="20190319 01:53:25.451" endtime="20190319 01:53:33.451"></status>
</kw>
<msg timestamp="20190319 01:53:33.452" level="INFO">${result} = {"jsonrpc":"2.0","id":"1","result":"8b121b49b8e271e84aaaf4fcdcadecfd5d0deb2e1b2c302fe8f8144562e1b28d"}
</msg>
<status status="PASS" starttime="20190319 01:53:25.439" endtime="20190319 01:53:33.452"></status>
</kw>
<kw name="Log" library="BuiltIn">
<doc>Logs the given message with the given level.</doc>
<arguments>
<arg>${result}</arg>
</arguments>
<msg timestamp="20190319 01:53:33.453" level="INFO">{"jsonrpc":"2.0","id":"1","result":"8b121b49b8e271e84aaaf4fcdcadecfd5d0deb2e1b2c302fe8f8144562e1b28d"}
</msg>
<status status="PASS" starttime="20190319 01:53:33.452" endtime="20190319 01:53:33.453"></status>
</kw>
<kw name="getQuitMediatorApplyList" library="getQuitMediatorApplyListParams">
<assign>
<var>@{addressList4}</var>
</assign>
<kw name="Create List" library="BuiltIn">
<doc>Returns a list containing given items.</doc>
<arguments>
<arg>GetQuitMediatorApplyList</arg>
</arguments>
<assign>
<var>${one}</var>
</assign>
<msg timestamp="20190319 01:53:33.454" level="INFO">${one} = ['GetQuitMediatorApplyList']</msg>
<status status="PASS" starttime="20190319 01:53:33.454" endtime="20190319 01:53:33.454"></status>
</kw>
<kw name="Create List" library="BuiltIn">
<doc>Returns a list containing given items.</doc>
<arguments>
<arg>${one}</arg>
</arguments>
<assign>
<var>${two}</var>
</assign>
<msg timestamp="20190319 01:53:33.454" level="INFO">${two} = [['GetQuitMediatorApplyList']]</msg>
<status status="PASS" starttime="20190319 01:53:33.454" endtime="20190319 01:53:33.454"></status>
</kw>
<kw name="创建公用的POST请求" library="postRequest">
<arguments>
<arg>${depositContractQuery}</arg>
<arg>GetQuitMediatorApplyList</arg>
<arg>${two}</arg>
</arguments>
<assign>
<var>${resp}</var>
</assign>
<kw name="Create Dictionary" library="BuiltIn">
<doc>Creates and returns a dictionary based on the given ``items``.</doc>
<arguments>
<arg>Content-Type=application/json</arg>
</arguments>
<assign>
<var>${header}</var>
</assign>
<msg timestamp="20190319 01:53:33.456" level="INFO">${header} = {'Content-Type': 'application/json'}</msg>
<status status="PASS" starttime="20190319 01:53:33.455" endtime="20190319 01:53:33.456"></status>
</kw>
<kw name="Create Dictionary" library="BuiltIn">
<doc>Creates and returns a dictionary based on the given ``items``.</doc>
<arguments>
<arg>jsonrpc=2.0</arg>
<arg>method=${method}</arg>
<arg>params=@{params}</arg>
<arg>id=1</arg>
</arguments>
<assign>
<var>${data}</var>
</assign>
<msg timestamp="20190319 01:53:33.456" level="INFO">${data} = {'jsonrpc': '2.0', 'method': 'ptn_depositContractQuery', 'params': [['GetQuitMediatorApplyList']], 'id': '1'}</msg>
<status status="PASS" starttime="20190319 01:53:33.456" endtime="20190319 01:53:33.456"></status>
</kw>
<kw name="Create Session" library="RequestsLibrary">
<doc>Create Session: create a HTTP session to a server</doc>
<arguments>
<arg>${alias}</arg>
<arg>http://127.0.0.1:8545</arg>
</arguments>
<msg timestamp="20190319 01:53:33.457" level="INFO">Creating Session using : alias=GetQuitMediatorApplyList, url=http://127.0.0.1:8545, headers={},                     cookies=None, auth=None, timeout=None, proxies=None, verify=False,                     debug=0 </msg>
<status status="PASS" starttime="20190319 01:53:33.457" endtime="20190319 01:53:33.457"></status>
</kw>
<kw name="Post Request" library="RequestsLibrary">
<doc>Send a POST request on the session object found using the
given `alias`</doc>
<arguments>
<arg>${alias}</arg>
<arg>http://127.0.0.1:8545</arg>
<arg>data=${data}</arg>
<arg>headers=${header}</arg>
</arguments>
<assign>
<var>${resp}</var>
</assign>
<msg timestamp="20190319 01:53:33.459" level="INFO">Starting new HTTP connection (1): 127.0.0.1</msg>
<msg timestamp="20190319 01:53:33.462" level="INFO">Post Request using : alias=GetQuitMediatorApplyList, uri=http://127.0.0.1:8545, data={"jsonrpc": "2.0", "method": "ptn_depositContractQuery", "params": [["GetQuitMediatorApplyList"]], "id": "1"}, headers={'Content-Type': 'application/json'}, files=None, allow_redirects=True </msg>
<msg timestamp="20190319 01:53:33.462" level="INFO">${resp} = &lt;Response [200]&gt;</msg>
<status status="PASS" starttime="20190319 01:53:33.457" endtime="20190319 01:53:33.462"></status>
</kw>
<msg timestamp="20190319 01:53:33.462" level="INFO">${resp} = &lt;Response [200]&gt;</msg>
<status status="PASS" starttime="20190319 01:53:33.455" endtime="20190319 01:53:33.462"></status>
</kw>
<kw name="To Json" library="RequestsLibrary">
<doc>Convert a string to a JSON object</doc>
<arguments>
<arg>${resp.content}</arg>
</arguments>
<assign>
<var>${respContentJson}</var>
</assign>
<msg timestamp="20190319 01:53:33.463" level="INFO">To JSON using : content={"jsonrpc":"2.0","id":"1","result":"[{\"address\":\"P124CZmBwMfE2kYgJsb3dK6fxbH2Kwnm6SU\",\"content\":\"{\\\"key\\\":\\\"value\\\"}\",\"time\":862769}]"}
 </msg>
<msg timestamp="20190319 01:53:33.463" level="INFO">To JSON using : pretty_print=False </msg>
<msg timestamp="20190319 01:53:33.463" level="INFO">${respContentJson} = {'jsonrpc': '2.0', 'id': '1', 'result': '[{"address":"P124CZmBwMfE2kYgJsb3dK6fxbH2Kwnm6SU","content":"{\\"key\\":\\"value\\"}","time":862769}]'}</msg>
<status status="PASS" starttime="20190319 01:53:33.462" endtime="20190319 01:53:33.463"></status>
</kw>
<kw name="Get Length" library="BuiltIn">
<doc>Returns and logs the length of the given item as an integer.</doc>
<arguments>
<arg>${respContentJson['result']}</arg>
</arguments>
<assign>
<var>${resultLen}</var>
</assign>
<msg timestamp="20190319 01:53:33.464" level="INFO">Length is 97</msg>
<msg timestamp="20190319 01:53:33.464" level="INFO">${resultLen} = 97</msg>
<status status="PASS" starttime="20190319 01:53:33.463" endtime="20190319 01:53:33.464"></status>
</kw>
<kw name="Run Keyword If" library="BuiltIn">
<doc>Runs the given keyword with the given arguments, if ``condition`` is true.</doc>
<arguments>
<arg>${resultLen} == 0</arg>
<arg>Create List</arg>
<arg>list is not exist.</arg>
</arguments>
<assign>
<var>${address}</var>
</assign>
<msg timestamp="20190319 01:53:33.465" level="INFO">${address} = None</msg>
<status status="PASS" starttime="20190319 01:53:33.464" endtime="20190319 01:53:33.465"></status>
</kw>
<kw name="Run Keyword If" library="BuiltIn">
<doc>Runs the given keyword with the given arguments, if ``condition`` is true.</doc>
<arguments>
<arg>${resultLen} == 0</arg>
<arg>Create List</arg>
<arg>${address}</arg>
</arguments>
<assign>
<var>@{addressList}</var>
</assign>
<msg timestamp="20190319 01:53:33.465" level="INFO">@{addressList} = [ ]</msg>
<status status="PASS" starttime="20190319 01:53:33.465" endtime="20190319 01:53:33.465"></status>
</kw>
<kw name="Run Keyword If" library="BuiltIn">
<doc>Runs the given keyword with the given arguments, if ``condition`` is true.</doc>
<arguments>
<arg>${resultLen} != 0</arg>
<arg>Evaluate</arg>
<arg>[addressList['address'] for addressList in ${respContentJson['result']}]</arg>
</arguments>
<assign>
<var>@{addressList}</var>
</assign>
<kw name="Evaluate" library="BuiltIn">
<doc>Evaluates the given expression in Python and returns the results.</doc>
<arguments>
<arg>[addressList['address'] for addressList in ${respContentJson['result']}]</arg>
</arguments>
<status status="PASS" starttime="20190319 01:53:33.466" endtime="20190319 01:53:33.467"></status>
</kw>
<msg timestamp="20190319 01:53:33.467" level="INFO">@{addressList} = [ P124CZmBwMfE2kYgJsb3dK6fxbH2Kwnm6SU ]</msg>
<status status="PASS" starttime="20190319 01:53:33.466" endtime="20190319 01:53:33.467"></status>
</kw>
<msg timestamp="20190319 01:53:33.467" level="INFO">@{addressList4} = [ P124CZmBwMfE2kYgJsb3dK6fxbH2Kwnm6SU ]</msg>
<status status="PASS" starttime="20190319 01:53:33.453" endtime="20190319 01:53:33.467"></status>
</kw>
<kw name="Log" library="BuiltIn">
<doc>Logs the given message with the given level.</doc>
<arguments>
<arg>@{addressList4}</arg>
</arguments>
<msg timestamp="20190319 01:53:33.468" level="INFO">P124CZmBwMfE2kYgJsb3dK6fxbH2Kwnm6SU</msg>
<status status="PASS" starttime="20190319 01:53:33.468" endtime="20190319 01:53:33.468"></status>
</kw>
<kw name="Should Be True" library="BuiltIn">
<doc>Fails if the given condition is not true.</doc>
<arguments>
<arg>'${mediatorAddr_01}' in @{addressList4}</arg>
</arguments>
<status status="PASS" starttime="20190319 01:53:33.469" endtime="20190319 01:53:33.469"></status>
</kw>
<kw name="handleForApplyForQuitMediator" library="handleForApplyForQuitMediatorParams">
<arguments>
<arg>${foundationAddr}</arg>
</arguments>
<assign>
<var>${result}</var>
</assign>
<kw name="基金会处理申请退出Mediator列表的所需参数" library="handleForApplyForQuitMediatorParams">
<arguments>
<arg>${foundationAddr}</arg>
</arguments>
<assign>
<var>${基金会处理申请退出Mediator列表的所需参数}</var>
</assign>
<kw name="获取Mediator申请退出列表" library="getQuitMediatorApplyListParams">
<arguments>
<arg>0</arg>
</arguments>
<assign>
<var>${获取Mediator申请退出列表}</var>
</assign>
<kw name="Create List" library="BuiltIn">
<doc>Returns a list containing given items.</doc>
<arguments>
<arg>GetQuitMediatorApplyList</arg>
</arguments>
<assign>
<var>${one}</var>
</assign>
<msg timestamp="20190319 01:53:33.472" level="INFO">${one} = ['GetQuitMediatorApplyList']</msg>
<status status="PASS" starttime="20190319 01:53:33.472" endtime="20190319 01:53:33.472"></status>
</kw>
<kw name="Create List" library="BuiltIn">
<doc>Returns a list containing given items.</doc>
<arguments>
<arg>${one}</arg>
</arguments>
<assign>
<var>${two}</var>
</assign>
<msg timestamp="20190319 01:53:33.473" level="INFO">${two} = [['GetQuitMediatorApplyList']]</msg>
<status status="PASS" starttime="20190319 01:53:33.472" endtime="20190319 01:53:33.473"></status>
</kw>
<kw name="创建公用的POST请求" library="postRequest">
<arguments>
<arg>${depositContractQuery}</arg>
<arg>GetQuitMediatorApplyList</arg>
<arg>${two}</arg>
</arguments>
<assign>
<var>${resp}</var>
</assign>
<kw name="Create Dictionary" library="BuiltIn">
<doc>Creates and returns a dictionary based on the given ``items``.</doc>
<arguments>
<arg>Content-Type=application/json</arg>
</arguments>
<assign>
<var>${header}</var>
</assign>
<msg timestamp="20190319 01:53:33.474" level="INFO">${header} = {'Content-Type': 'application/json'}</msg>
<status status="PASS" starttime="20190319 01:53:33.474" endtime="20190319 01:53:33.474"></status>
</kw>
<kw name="Create Dictionary" library="BuiltIn">
<doc>Creates and returns a dictionary based on the given ``items``.</doc>
<arguments>
<arg>jsonrpc=2.0</arg>
<arg>method=${method}</arg>
<arg>params=@{params}</arg>
<arg>id=1</arg>
</arguments>
<assign>
<var>${data}</var>
</assign>
<msg timestamp="20190319 01:53:33.475" level="INFO">${data} = {'jsonrpc': '2.0', 'method': 'ptn_depositContractQuery', 'params': [['GetQuitMediatorApplyList']], 'id': '1'}</msg>
<status status="PASS" starttime="20190319 01:53:33.474" endtime="20190319 01:53:33.475"></status>
</kw>
<kw name="Create Session" library="RequestsLibrary">
<doc>Create Session: create a HTTP session to a server</doc>
<arguments>
<arg>${alias}</arg>
<arg>http://127.0.0.1:8545</arg>
</arguments>
<msg timestamp="20190319 01:53:33.475" level="INFO">Creating Session using : alias=GetQuitMediatorApplyList, url=http://127.0.0.1:8545, headers={},                     cookies=None, auth=None, timeout=None, proxies=None, verify=False,                     debug=0 </msg>
<status status="PASS" starttime="20190319 01:53:33.475" endtime="20190319 01:53:33.476"></status>
</kw>
<kw name="Post Request" library="RequestsLibrary">
<doc>Send a POST request on the session object found using the
given `alias`</doc>
<arguments>
<arg>${alias}</arg>
<arg>http://127.0.0.1:8545</arg>
<arg>data=${data}</arg>
<arg>headers=${header}</arg>
</arguments>
<assign>
<var>${resp}</var>
</assign>
<msg timestamp="20190319 01:53:33.477" level="INFO">Starting new HTTP connection (1): 127.0.0.1</msg>
<msg timestamp="20190319 01:53:33.480" level="INFO">Post Request using : alias=GetQuitMediatorApplyList, uri=http://127.0.0.1:8545, data={"jsonrpc": "2.0", "method": "ptn_depositContractQuery", "params": [["GetQuitMediatorApplyList"]], "id": "1"}, headers={'Content-Type': 'application/json'}, files=None, allow_redirects=True </msg>
<msg timestamp="20190319 01:53:33.480" level="INFO">${resp} = &lt;Response [200]&gt;</msg>
<status status="PASS" starttime="20190319 01:53:33.476" endtime="20190319 01:53:33.480"></status>
</kw>
<msg timestamp="20190319 01:53:33.481" level="INFO">${resp} = &lt;Response [200]&gt;</msg>
<status status="PASS" starttime="20190319 01:53:33.473" endtime="20190319 01:53:33.481"></status>
</kw>
<kw name="To Json" library="RequestsLibrary">
<doc>Convert a string to a JSON object</doc>
<arguments>
<arg>${resp.content}</arg>
</arguments>
<assign>
<var>${respContentJson}</var>
</assign>
<msg timestamp="20190319 01:53:33.481" level="INFO">To JSON using : content={"jsonrpc":"2.0","id":"1","result":"[{\"address\":\"P124CZmBwMfE2kYgJsb3dK6fxbH2Kwnm6SU\",\"content\":\"{\\\"key\\\":\\\"value\\\"}\",\"time\":862769}]"}
 </msg>
<msg timestamp="20190319 01:53:33.481" level="INFO">To JSON using : pretty_print=False </msg>
<msg timestamp="20190319 01:53:33.481" level="INFO">${respContentJson} = {'jsonrpc': '2.0', 'id': '1', 'result': '[{"address":"P124CZmBwMfE2kYgJsb3dK6fxbH2Kwnm6SU","content":"{\\"key\\":\\"value\\"}","time":862769}]'}</msg>
<status status="PASS" starttime="20190319 01:53:33.481" endtime="20190319 01:53:33.482"></status>
</kw>
<kw name="To Json" library="RequestsLibrary">
<doc>Convert a string to a JSON object</doc>
<arguments>
<arg>${resp.content}</arg>
</arguments>
<assign>
<var>${respContentJson}</var>
</assign>
<msg timestamp="20190319 01:53:33.482" level="INFO">To JSON using : content={"jsonrpc":"2.0","id":"1","result":"[{\"address\":\"P124CZmBwMfE2kYgJsb3dK6fxbH2Kwnm6SU\",\"content\":\"{\\\"key\\\":\\\"value\\\"}\",\"time\":862769}]"}
 </msg>
<msg timestamp="20190319 01:53:33.482" level="INFO">To JSON using : pretty_print=False </msg>
<msg timestamp="20190319 01:53:33.482" level="INFO">${respContentJson} = {'jsonrpc': '2.0', 'id': '1', 'result': '[{"address":"P124CZmBwMfE2kYgJsb3dK6fxbH2Kwnm6SU","content":"{\\"key\\":\\"value\\"}","time":862769}]'}</msg>
<status status="PASS" starttime="20190319 01:53:33.482" endtime="20190319 01:53:33.482"></status>
</kw>
<kw name="Get Length" library="BuiltIn">
<doc>Returns and logs the length of the given item as an integer.</doc>
<arguments>
<arg>${respContentJson['result']}</arg>
</arguments>
<assign>
<var>${resultLen}</var>
</assign>
<msg timestamp="20190319 01:53:33.483" level="INFO">Length is 97</msg>
<msg timestamp="20190319 01:53:33.483" level="INFO">${resultLen} = 97</msg>
<status status="PASS" starttime="20190319 01:53:33.483" endtime="20190319 01:53:33.483"></status>
</kw>
<kw name="Run Keyword If" library="BuiltIn">
<doc>Runs the given keyword with the given arguments, if ``condition`` is true.</doc>
<arguments>
<arg>${resultLen} == 0</arg>
<arg>set variable</arg>
<arg>""</arg>
</arguments>
<assign>
<var>${address}</var>
</assign>
[...]
<arg>${1}</arg>
</arguments>
<assign>
<var>${one}</var>
</assign>
<msg timestamp="20190319 01:55:51.151" level="INFO">${one} = ['P1414gaxPwsmSMNvLegSjF6P9e3vXomVLZF', 'P1414gaxPwsmSMNvLegSjF6P9e3vXomVLZF', '1000000000', '1000000000', ['HandleForJuryApplyCashback', 'P1P6B4yTPttRKktLE958y17NEHfMbJetgZ8', '1552985745', 'no']]</msg>
<status status="PASS" starttime="20190319 01:55:51.150" endtime="20190319 01:55:51.151"></status>
</kw>
<msg timestamp="20190319 01:55:51.151" level="INFO">${基金会处理申请保证金退还所需参数} = ['P1414gaxPwsmSMNvLegSjF6P9e3vXomVLZF', 'P1414gaxPwsmSMNvLegSjF6P9e3vXomVLZF', '1000000000', '1000000000', ['HandleForJuryApplyCashback', 'P1P6B4yTPttRKktLE958y17NEHfMbJetgZ8', '1552985745', 'no']]</msg>
<status status="PASS" starttime="20190319 01:55:51.133" endtime="20190319 01:55:51.151"></status>
</kw>
<kw name="创建公用的POST请求" library="postRequest">
<arguments>
<arg>${depositContractInvoke}</arg>
<arg>HandleForApplyCashback</arg>
<arg>${基金会处理申请保证金退还所需参数}</arg>
</arguments>
<assign>
<var>${resp}</var>
</assign>
<kw name="Create Dictionary" library="BuiltIn">
<doc>Creates and returns a dictionary based on the given ``items``.</doc>
<arguments>
<arg>Content-Type=application/json</arg>
</arguments>
<assign>
<var>${header}</var>
</assign>
<msg timestamp="20190319 01:55:51.152" level="INFO">${header} = {'Content-Type': 'application/json'}</msg>
<status status="PASS" starttime="20190319 01:55:51.152" endtime="20190319 01:55:51.152"></status>
</kw>
<kw name="Create Dictionary" library="BuiltIn">
<doc>Creates and returns a dictionary based on the given ``items``.</doc>
<arguments>
<arg>jsonrpc=2.0</arg>
<arg>method=${method}</arg>
<arg>params=@{params}</arg>
<arg>id=1</arg>
</arguments>
<assign>
<var>${data}</var>
</assign>
<msg timestamp="20190319 01:55:51.153" level="INFO">${data} = {'jsonrpc': '2.0', 'method': 'ptn_depositContractInvoke', 'params': ['P1414gaxPwsmSMNvLegSjF6P9e3vXomVLZF', 'P1414gaxPwsmSMNvLegSjF6P9e3vXomVLZF', '1000000000', '1000000000', ['HandleForJuryApplyCashb...</msg>
<status status="PASS" starttime="20190319 01:55:51.152" endtime="20190319 01:55:51.153"></status>
</kw>
<kw name="Create Session" library="RequestsLibrary">
<doc>Create Session: create a HTTP session to a server</doc>
<arguments>
<arg>${alias}</arg>
<arg>http://127.0.0.1:8545</arg>
</arguments>
<msg timestamp="20190319 01:55:51.153" level="INFO">Creating Session using : alias=HandleForApplyCashback, url=http://127.0.0.1:8545, headers={},                     cookies=None, auth=None, timeout=None, proxies=None, verify=False,                     debug=0 </msg>
<status status="PASS" starttime="20190319 01:55:51.153" endtime="20190319 01:55:51.154"></status>
</kw>
<kw name="Post Request" library="RequestsLibrary">
<doc>Send a POST request on the session object found using the
given `alias`</doc>
<arguments>
<arg>${alias}</arg>
<arg>http://127.0.0.1:8545</arg>
<arg>data=${data}</arg>
<arg>headers=${header}</arg>
</arguments>
<assign>
<var>${resp}</var>
</assign>
<msg timestamp="20190319 01:55:51.156" level="INFO">Starting new HTTP connection (1): 127.0.0.1</msg>
<msg timestamp="20190319 01:55:51.159" level="INFO">Post Request using : alias=HandleForApplyCashback, uri=http://127.0.0.1:8545, data={"jsonrpc": "2.0", "method": "ptn_depositContractInvoke", "params": ["P1414gaxPwsmSMNvLegSjF6P9e3vXomVLZF", "P1414gaxPwsmSMNvLegSjF6P9e3vXomVLZF", "1000000000", "1000000000", ["HandleForJuryApplyCashback", "P1P6B4yTPttRKktLE958y17NEHfMbJetgZ8", "1552985745", "no"]], "id": "1"}, headers={'Content-Type': 'application/json'}, files=None, allow_redirects=True </msg>
<msg timestamp="20190319 01:55:51.159" level="INFO">${resp} = &lt;Response [200]&gt;</msg>
<status status="PASS" starttime="20190319 01:55:51.154" endtime="20190319 01:55:51.159"></status>
</kw>
<msg timestamp="20190319 01:55:51.159" level="INFO">${resp} = &lt;Response [200]&gt;</msg>
<status status="PASS" starttime="20190319 01:55:51.151" endtime="20190319 01:55:51.159"></status>
</kw>
<kw name="Set Variable" library="BuiltIn">
<doc>Returns the given values which can then be assigned to a variables.</doc>
<arguments>
<arg>${resp.content}</arg>
</arguments>
<assign>
<var>${result}</var>
</assign>
<msg timestamp="20190319 01:55:51.160" level="INFO">${result} = {"jsonrpc":"2.0","id":"1","result":"441addf09fb573ab6836da01ccc1caf94034afaeb3a930d68eb80004a2a38183"}
</msg>
<status status="PASS" starttime="20190319 01:55:51.160" endtime="20190319 01:55:51.160"></status>
</kw>
<kw name="Sleep" library="BuiltIn">
<doc>Pauses the test executed for the given time.</doc>
<arguments>
<arg>8</arg>
</arguments>
<msg timestamp="20190319 01:55:59.162" level="INFO">Slept 8 seconds</msg>
<status status="PASS" starttime="20190319 01:55:51.160" endtime="20190319 01:55:59.162"></status>
</kw>
<msg timestamp="20190319 01:55:59.164" level="INFO">${result} = {"jsonrpc":"2.0","id":"1","result":"441addf09fb573ab6836da01ccc1caf94034afaeb3a930d68eb80004a2a38183"}
</msg>
<status status="PASS" starttime="20190319 01:55:51.133" endtime="20190319 01:55:59.164"></status>
</kw>
<kw name="Log" library="BuiltIn">
<doc>Logs the given message with the given level.</doc>
<arguments>
<arg>${result}</arg>
</arguments>
<msg timestamp="20190319 01:55:59.168" level="INFO">{"jsonrpc":"2.0","id":"1","result":"441addf09fb573ab6836da01ccc1caf94034afaeb3a930d68eb80004a2a38183"}
</msg>
<status status="PASS" starttime="20190319 01:55:59.166" endtime="20190319 01:55:59.169"></status>
</kw>
<kw name="getListForCashbackApplication" library="getListForCashbackApplicationParams">
<assign>
<var>${result}</var>
</assign>
<kw name="Create List" library="BuiltIn">
<doc>Returns a list containing given items.</doc>
<arguments>
<arg>GetListForCashbackApplication</arg>
</arguments>
<assign>
<var>${one}</var>
</assign>
<msg timestamp="20190319 01:55:59.174" level="INFO">${one} = ['GetListForCashbackApplication']</msg>
<status status="PASS" starttime="20190319 01:55:59.173" endtime="20190319 01:55:59.174"></status>
</kw>
<kw name="Create List" library="BuiltIn">
<doc>Returns a list containing given items.</doc>
<arguments>
<arg>${one}</arg>
</arguments>
<assign>
<var>${two}</var>
</assign>
<msg timestamp="20190319 01:55:59.177" level="INFO">${two} = [['GetListForCashbackApplication']]</msg>
<status status="PASS" starttime="20190319 01:55:59.176" endtime="20190319 01:55:59.178"></status>
</kw>
<kw name="创建公用的POST请求" library="postRequest">
<arguments>
<arg>${depositContractQuery}</arg>
<arg>GetListForCashbackApplication</arg>
<arg>${two}</arg>
</arguments>
<assign>
<var>${resp}</var>
</assign>
<kw name="Create Dictionary" library="BuiltIn">
<doc>Creates and returns a dictionary based on the given ``items``.</doc>
<arguments>
<arg>Content-Type=application/json</arg>
</arguments>
<assign>
<var>${header}</var>
</assign>
<msg timestamp="20190319 01:55:59.187" level="INFO">${header} = {'Content-Type': 'application/json'}</msg>
<status status="PASS" starttime="20190319 01:55:59.184" endtime="20190319 01:55:59.187"></status>
</kw>
<kw name="Create Dictionary" library="BuiltIn">
<doc>Creates and returns a dictionary based on the given ``items``.</doc>
<arguments>
<arg>jsonrpc=2.0</arg>
<arg>method=${method}</arg>
<arg>params=@{params}</arg>
<arg>id=1</arg>
</arguments>
<assign>
<var>${data}</var>
</assign>
<msg timestamp="20190319 01:55:59.191" level="INFO">${data} = {'jsonrpc': '2.0', 'method': 'ptn_depositContractQuery', 'params': [['GetListForCashbackApplication']], 'id': '1'}</msg>
<status status="PASS" starttime="20190319 01:55:59.188" endtime="20190319 01:55:59.191"></status>
</kw>
<kw name="Create Session" library="RequestsLibrary">
<doc>Create Session: create a HTTP session to a server</doc>
<arguments>
<arg>${alias}</arg>
<arg>http://127.0.0.1:8545</arg>
</arguments>
<msg timestamp="20190319 01:55:59.194" level="INFO">Creating Session using : alias=GetListForCashbackApplication, url=http://127.0.0.1:8545, headers={},                     cookies=None, auth=None, timeout=None, proxies=None, verify=False,                     debug=0 </msg>
<status status="PASS" starttime="20190319 01:55:59.192" endtime="20190319 01:55:59.195"></status>
</kw>
<kw name="Post Request" library="RequestsLibrary">
<doc>Send a POST request on the session object found using the
given `alias`</doc>
<arguments>
<arg>${alias}</arg>
<arg>http://127.0.0.1:8545</arg>
<arg>data=${data}</arg>
<arg>headers=${header}</arg>
</arguments>
<assign>
<var>${resp}</var>
</assign>
<msg timestamp="20190319 01:55:59.197" level="INFO">Starting new HTTP connection (1): 127.0.0.1</msg>
<msg timestamp="20190319 01:55:59.200" level="INFO">Post Request using : alias=GetListForCashbackApplication, uri=http://127.0.0.1:8545, data={"jsonrpc": "2.0", "method": "ptn_depositContractQuery", "params": [["GetListForCashbackApplication"]], "id": "1"}, headers={'Content-Type': 'application/json'}, files=None, allow_redirects=True </msg>
<msg timestamp="20190319 01:55:59.200" level="INFO">${resp} = &lt;Response [200]&gt;</msg>
<status status="PASS" starttime="20190319 01:55:59.195" endtime="20190319 01:55:59.200"></status>
</kw>
<msg timestamp="20190319 01:55:59.201" level="INFO">${resp} = &lt;Response [200]&gt;</msg>
<status status="PASS" starttime="20190319 01:55:59.179" endtime="20190319 01:55:59.201"></status>
</kw>
<kw name="To Json" library="RequestsLibrary">
<doc>Convert a string to a JSON object</doc>
<arguments>
<arg>${resp.content}</arg>
</arguments>
<assign>
<var>${respContentJson}</var>
</assign>
<msg timestamp="20190319 01:55:59.201" level="INFO">To JSON using : content={"jsonrpc":"2.0","id":"1","result":"[]"}
 </msg>
<msg timestamp="20190319 01:55:59.201" level="INFO">To JSON using : pretty_print=False </msg>
<msg timestamp="20190319 01:55:59.201" level="INFO">${respContentJson} = {'jsonrpc': '2.0', 'id': '1', 'result': '[]'}</msg>
<status status="PASS" starttime="20190319 01:55:59.201" endtime="20190319 01:55:59.202"></status>
</kw>
<kw name="Log" library="BuiltIn">
<doc>Logs the given message with the given level.</doc>
<arguments>
<arg>${respContentJson['result']}</arg>
</arguments>
<msg timestamp="20190319 01:55:59.202" level="INFO">[]</msg>
<status status="PASS" starttime="20190319 01:55:59.202" endtime="20190319 01:55:59.202"></status>
</kw>
<kw name="Evaluate" library="BuiltIn">
<doc>Evaluates the given expression in Python and returns the results.</doc>
<arguments>
<arg>[addresses['cashback_address'] for addresses in ${respContentJson['result']}]</arg>
</arguments>
<assign>
<var>${addresses}</var>
</assign>
<msg timestamp="20190319 01:55:59.203" level="INFO">${addresses} = []</msg>
<status status="PASS" starttime="20190319 01:55:59.202" endtime="20190319 01:55:59.203"></status>
</kw>
<kw name="Set Variable" library="BuiltIn">
<doc>Returns the given values which can then be assigned to a variables.</doc>
<arguments>
<arg>${addresses}</arg>
</arguments>
<assign>
<var>${result}</var>
</assign>
<msg timestamp="20190319 01:55:59.204" level="INFO">${result} = []</msg>
<status status="PASS" starttime="20190319 01:55:59.203" endtime="20190319 01:55:59.204"></status>
</kw>
<msg timestamp="20190319 01:55:59.204" level="INFO">${result} = []</msg>
<status status="PASS" starttime="20190319 01:55:59.170" endtime="20190319 01:55:59.204"></status>
</kw>
<kw name="Log" library="BuiltIn">
<doc>Logs the given message with the given level.</doc>
<arguments>
<arg>${result}</arg>
</arguments>
<msg timestamp="20190319 01:55:59.205" level="INFO">[]</msg>
<status status="PASS" starttime="20190319 01:55:59.204" endtime="20190319 01:55:59.205"></status>
</kw>
<kw name="getCandidateBalanceWithAddr" library="getCandidateBalanceWithAddrParams">
<arguments>
<arg>${juryAddr_01}</arg>
</arguments>
<assign>
<var>${result}</var>
</assign>
<kw name="获取某个节点的账户" library="getCandidateBalanceWithAddrParams">
<arguments>
<arg>${nodeAddr}</arg>
</arguments>
<assign>
<var>${11}</var>
</assign>
<kw name="Create List" library="BuiltIn">
<doc>Returns a list containing given items.</doc>
<arguments>
<arg>GetBalanceWithAddr</arg>
<arg>${nodeAddr}</arg>
</arguments>
<assign>
<var>${one}</var>
</assign>
<msg timestamp="20190319 01:55:59.206" level="INFO">${one} = ['GetBalanceWithAddr', 'P1P6B4yTPttRKktLE958y17NEHfMbJetgZ8']</msg>
<status status="PASS" starttime="20190319 01:55:59.206" endtime="20190319 01:55:59.206"></status>
</kw>
<kw name="Create List" library="BuiltIn">
<doc>Returns a list containing given items.</doc>
<arguments>
<arg>${one}</arg>
</arguments>
<assign>
<var>${two}</var>
</assign>
<msg timestamp="20190319 01:55:59.207" level="INFO">${two} = [['GetBalanceWithAddr', 'P1P6B4yTPttRKktLE958y17NEHfMbJetgZ8']]</msg>
<status status="PASS" starttime="20190319 01:55:59.207" endtime="20190319 01:55:59.207"></status>
</kw>
<msg timestamp="20190319 01:55:59.207" level="INFO">${11} = [['GetBalanceWithAddr', 'P1P6B4yTPttRKktLE958y17NEHfMbJetgZ8']]</msg>
<status status="PASS" starttime="20190319 01:55:59.206" endtime="20190319 01:55:59.207"></status>
</kw>
<kw name="创建公用的POST请求" library="postRequest">
<arguments>
<arg>${depositContractQuery}</arg>
<arg>GetCandidateBalanceWithAddr</arg>
<arg>${11}</arg>
</arguments>
<assign>
<var>${resp}</var>
</assign>
<kw name="Create Dictionary" library="BuiltIn">
<doc>Creates and returns a dictionary based on the given ``items``.</doc>
<arguments>
<arg>Content-Type=application/json</arg>
</arguments>
<assign>
<var>${header}</var>
</assign>
<msg timestamp="20190319 01:55:59.209" level="INFO">${header} = {'Content-Type': 'application/json'}</msg>
<status status="PASS" starttime="20190319 01:55:59.208" endtime="20190319 01:55:59.209"></status>
</kw>
<kw name="Create Dictionary" library="BuiltIn">
<doc>Creates and returns a dictionary based on the given ``items``.</doc>
<arguments>
<arg>jsonrpc=2.0</arg>
<arg>method=${method}</arg>
<arg>params=@{params}</arg>
<arg>id=1</arg>
</arguments>
<assign>
<var>${data}</var>
</assign>
<msg timestamp="20190319 01:55:59.210" level="INFO">${data} = {'jsonrpc': '2.0', 'method': 'ptn_depositContractQuery', 'params': [['GetBalanceWithAddr', 'P1P6B4yTPttRKktLE958y17NEHfMbJetgZ8']], 'id': '1'}</msg>
<status status="PASS" starttime="20190319 01:55:59.210" endtime="20190319 01:55:59.210"></status>
</kw>
<kw name="Create Session" library="RequestsLibrary">
<doc>Create Session: create a HTTP session to a server</doc>
<arguments>
<arg>${alias}</arg>
<arg>http://127.0.0.1:8545</arg>
</arguments>
<msg timestamp="20190319 01:55:59.211" level="INFO">Creating Session using : alias=GetCandidateBalanceWithAddr, url=http://127.0.0.1:8545, headers={},                     cookies=None, auth=None, timeout=None, proxies=None, verify=False,                     debug=0 </msg>
<status status="PASS" starttime="20190319 01:55:59.211" endtime="20190319 01:55:59.211"></status>
</kw>
<kw name="Post Request" library="RequestsLibrary">
<doc>Send a POST request on the session object found using the
given `alias`</doc>
<arguments>
<arg>${alias}</arg>
<arg>http://127.0.0.1:8545</arg>
<arg>data=${data}</arg>
<arg>headers=${header}</arg>
</arguments>
<assign>
<var>${resp}</var>
</assign>
<msg timestamp="20190319 01:55:59.213" level="INFO">Starting new HTTP connection (1): 127.0.0.1</msg>
<msg timestamp="20190319 01:55:59.217" level="INFO">Post Request using : alias=GetCandidateBalanceWithAddr, uri=http://127.0.0.1:8545, data={"jsonrpc": "2.0", "method": "ptn_depositContractQuery", "params": [["GetBalanceWithAddr", "P1P6B4yTPttRKktLE958y17NEHfMbJetgZ8"]], "id": "1"}, headers={'Content-Type': 'application/json'}, files=None, allow_redirects=True </msg>
<msg timestamp="20190319 01:55:59.217" level="INFO">${resp} = &lt;Response [200]&gt;</msg>
<status status="PASS" starttime="20190319 01:55:59.212" endtime="20190319 01:55:59.217"></status>
</kw>
<msg timestamp="20190319 01:55:59.217" level="INFO">${resp} = &lt;Response [200]&gt;</msg>
<status status="PASS" starttime="20190319 01:55:59.208" endtime="20190319 01:55:59.217"></status>
</kw>
<kw name="To Json" library="RequestsLibrary">
<doc>Convert a string to a JSON object</doc>
<arguments>
<arg>${resp.content}</arg>
</arguments>
<assign>
<var>${respContentJson}</var>
</assign>
<msg timestamp="20190319 01:55:59.218" level="INFO">To JSON using : content={"jsonrpc":"2.0","id":"1","result":"{\"total_amount\":170000000000,\"last_modify_time\":862769,\"enter_time\":862769,\"pay_values\":[{\"pay_tokens\":{\"amount\":40000000000,\"asset\":\"PTN\",\"address\":\"\"},\"pay_time\":862769},{\"pay_tokens\":{\"amount\":40000000000,\"asset\":\"PTN\",\"address\":\"\"},\"pay_time\":862769},{\"pay_tokens\":{\"amount\":140000000000,\"asset\":\"PTN\",\"address\":\"\"},\"pay_time\":862769}],\"cashback_values\":[{\"cashback_address\":\"P1P6B4yTPttRKktLE958y17NEHfMbJetgZ8\",\"cashback_tokens\":{\"amount\":50000000000,\"asset\":\"PTN\",\"address\":\"\"},\"role\":\"Jury\",\"cashback_time\":1552985688}],\"forfeiture_values\":null}"}
 </msg>
<msg timestamp="20190319 01:55:59.218" level="INFO">To JSON using : pretty_print=False </msg>
<msg timestamp="20190319 01:55:59.218" level="INFO">${respContentJson} = {'jsonrpc': '2.0', 'id': '1', 'result': '{"total_amount":170000000000,"last_modify_time":862769,"enter_time":862769,"pay_values":[{"pay_tokens":{"amount":40000000000,"asset":"PTN","address":""},"pay_t...</msg>
<status status="PASS" starttime="20190319 01:55:59.218" endtime="20190319 01:55:59.218"></status>
</kw>
<kw name="Set Variable" library="BuiltIn">
<doc>Returns the given values which can then be assigned to a variables.</doc>
<arguments>
<arg>${respContentJson['result']}</arg>
</arguments>
<assign>
<var>${balance}</var>
</assign>
<msg timestamp="20190319 01:55:59.219" level="INFO">${balance} = {"total_amount":170000000000,"last_modify_time":862769,"enter_time":862769,"pay_values":[{"pay_tokens":{"amount":40000000000,"asset":"PTN","address":""},"pay_time":862769},{"pay_tokens":{"amount":4000...</msg>
<status status="PASS" starttime="20190319 01:55:59.219" endtime="20190319 01:55:59.219"></status>
</kw>
<msg timestamp="20190319 01:55:59.219" level="INFO">${result} = {"total_amount":170000000000,"last_modify_time":862769,"enter_time":862769,"pay_values":[{"pay_tokens":{"amount":40000000000,"asset":"PTN","address":""},"pay_time":862769},{"pay_tokens":{"amount":4000...</msg>
<status status="PASS" starttime="20190319 01:55:59.205" endtime="20190319 01:55:59.219"></status>
</kw>
<kw name="Log" library="BuiltIn">
<doc>Logs the given message with the given level.</doc>
<arguments>
<arg>${result}</arg>
</arguments>
<msg timestamp="20190319 01:55:59.220" level="INFO">{"total_amount":170000000000,"last_modify_time":862769,"enter_time":862769,"pay_values":[{"pay_tokens":{"amount":40000000000,"asset":"PTN","address":""},"pay_time":862769},{"pay_tokens":{"amount":40000000000,"asset":"PTN","address":""},"pay_time":862769},{"pay_tokens":{"amount":140000000000,"asset":"PTN","address":""},"pay_time":862769}],"cashback_values":[{"cashback_address":"P1P6B4yTPttRKktLE958y17NEHfMbJetgZ8","cashback_tokens":{"amount":50000000000,"asset":"PTN","address":""},"role":"Jury","cashback_time":1552985688}],"forfeiture_values":null}</msg>
<status status="PASS" starttime="20190319 01:55:59.220" endtime="20190319 01:55:59.220"></status>
</kw>
<kw name="Should Not Be Equal" library="BuiltIn">
<doc>Fails if the given objects are equal.</doc>
<arguments>
<arg>${result}</arg>
<arg>balance is nil</arg>
</arguments>
<status status="PASS" starttime="20190319 01:55:59.221" endtime="20190319 01:55:59.221"></status>
</kw>
<status status="PASS" starttime="20190319 01:55:43.052" endtime="20190319 01:55:59.221" critical="yes"></status>
</test>
<status status="PASS" starttime="20190319 01:53:00.807" endtime="20190319 01:55:59.223"></status>
</suite>
<statistics>
<total>
<stat pass="10" fail="0">Critical Tests</stat>
<stat pass="10" fail="0">All Tests</stat>
</total>
<tag>
</tag>
<suite>
<stat pass="10" fail="0" id="s1" name="DepositContractTest">DepositContractTest</stat>
</suite>
</statistics>
<errors>
</errors>
</robot>
